CRITICAL - 2020-10-25 21:44:55 --> Invalid file: admin/berita/tambah.php
#0 C:\xampp\htdocs\ci4\cms.serangkota.go.id\vendor\codeigniter4\framework\system\View\View.php(228): CodeIgniter\Exceptions\FrameworkException::forInvalidFile('admin/berita/ta...')
#1 C:\xampp\htdocs\ci4\cms.serangkota.go.id\vendor\codeigniter4\framework\system\Common.php(1119): CodeIgniter\View\View->render('admin/berita/ta...', Array, true)
#2 C:\xampp\htdocs\ci4\cms.serangkota.go.id\app\Controllers\Berita.php(35): view('admin/berita/ta...', Array)
#3 C:\xampp\htdocs\ci4\cms.serangkota.go.id\vendor\codeigniter4\framework\system\CodeIgniter.php(918): App\Controllers\Berita->tambah()
#4 C:\xampp\htdocs\ci4\cms.serangkota.go.id\vendor\codeigniter4\framework\system\CodeIgniter.php(404): CodeIgniter\CodeIgniter->runController(Object(App\Controllers\Berita))
#5 C:\xampp\htdocs\ci4\cms.serangkota.go.id\vendor\codeigniter4\framework\system\CodeIgniter.php(312): CodeIgniter\CodeIgniter->handleRequest(NULL, Object(Config\Cache), false)
#6 C:\xampp\htdocs\ci4\cms.serangkota.go.id\public\index.php(45): CodeIgniter\CodeIgniter->run()
#7 C:\xampp\htdocs\ci4\cms.serangkota.go.id\vendor\codeigniter4\framework\system\Commands\Server\rewrite.php(34): require_once('C:\\xampp\\htdocs...')
#8 {main}
CRITICAL - 2020-10-25 21:47:23 --> Invalid file: admin/berita/tambah.php
#0 C:\xampp\htdocs\ci4\cms.serangkota.go.id\vendor\codeigniter4\framework\system\View\View.php(228): CodeIgniter\Exceptions\FrameworkException::forInvalidFile('admin/berita/ta...')
#1 C:\xampp\htdocs\ci4\cms.serangkota.go.id\vendor\codeigniter4\framework\system\Common.php(1119): CodeIgniter\View\View->render('admin/berita/ta...', Array, true)
#2 C:\xampp\htdocs\ci4\cms.serangkota.go.id\app\Controllers\Berita.php(35): view('admin/berita/ta...', Array)
#3 C:\xampp\htdocs\ci4\cms.serangkota.go.id\vendor\codeigniter4\framework\system\CodeIgniter.php(918): App\Controllers\Berita->tambah()
#4 C:\xampp\htdocs\ci4\cms.serangkota.go.id\vendor\codeigniter4\framework\system\CodeIgniter.php(404): CodeIgniter\CodeIgniter->runController(Object(App\Controllers\Berita))
#5 C:\xampp\htdocs\ci4\cms.serangkota.go.id\vendor\codeigniter4\framework\system\CodeIgniter.php(312): CodeIgniter\CodeIgniter->handleRequest(NULL, Object(Config\Cache), false)
#6 C:\xampp\htdocs\ci4\cms.serangkota.go.id\public\index.php(45): CodeIgniter\CodeIgniter->run()
#7 C:\xampp\htdocs\ci4\cms.serangkota.go.id\vendor\codeigniter4\framework\system\Commands\Server\rewrite.php(34): require_once('C:\\xampp\\htdocs...')
#8 {main}
CRITICAL - 2020-10-25 21:48:34 --> Invalid file: admin/berita/tambah.php
#0 C:\xampp\htdocs\ci4\cms.serangkota.go.id\vendor\codeigniter4\framework\system\View\View.php(228): CodeIgniter\Exceptions\FrameworkException::forInvalidFile('admin/berita/ta...')
#1 C:\xampp\htdocs\ci4\cms.serangkota.go.id\vendor\codeigniter4\framework\system\Common.php(1119): CodeIgniter\View\View->render('admin/berita/ta...', Array, true)
#2 C:\xampp\htdocs\ci4\cms.serangkota.go.id\app\Controllers\Berita.php(35): view('admin/berita/ta...', Array)
#3 C:\xampp\htdocs\ci4\cms.serangkota.go.id\vendor\codeigniter4\framework\system\CodeIgniter.php(918): App\Controllers\Berita->create()
#4 C:\xampp\htdocs\ci4\cms.serangkota.go.id\vendor\codeigniter4\framework\system\CodeIgniter.php(404): CodeIgniter\CodeIgniter->runController(Object(App\Controllers\Berita))
#5 C:\xampp\htdocs\ci4\cms.serangkota.go.id\vendor\codeigniter4\framework\system\CodeIgniter.php(312): CodeIgniter\CodeIgniter->handleRequest(NULL, Object(Config\Cache), false)
#6 C:\xampp\htdocs\ci4\cms.serangkota.go.id\public\index.php(45): CodeIgniter\CodeIgniter->run()
#7 C:\xampp\htdocs\ci4\cms.serangkota.go.id\vendor\codeigniter4\framework\system\Commands\Server\rewrite.php(34): require_once('C:\\xampp\\htdocs...')
#8 {main}
CRITICAL - 2020-10-25 21:51:27 --> Invalid file: admin/berita/tambah.php
#0 C:\xampp\htdocs\ci4\cms.serangkota.go.id\vendor\codeigniter4\framework\system\View\View.php(228): CodeIgniter\Exceptions\FrameworkException::forInvalidFile('admin/berita/ta...')
#1 C:\xampp\htdocs\ci4\cms.serangkota.go.id\vendor\codeigniter4\framework\system\Common.php(1119): CodeIgniter\View\View->render('admin/berita/ta...', Array, true)
#2 C:\xampp\htdocs\ci4\cms.serangkota.go.id\app\Controllers\Berita.php(35): view('admin/berita/ta...', Array)
#3 C:\xampp\htdocs\ci4\cms.serangkota.go.id\vendor\codeigniter4\framework\system\CodeIgniter.php(918): App\Controllers\Berita->create()
#4 C:\xampp\htdocs\ci4\cms.serangkota.go.id\vendor\codeigniter4\framework\system\CodeIgniter.php(404): CodeIgniter\CodeIgniter->runController(Object(App\Controllers\Berita))
#5 C:\xampp\htdocs\ci4\cms.serangkota.go.id\vendor\codeigniter4\framework\system\CodeIgniter.php(312): CodeIgniter\CodeIgniter->handleRequest(NULL, Object(Config\Cache), false)
#6 C:\xampp\htdocs\ci4\cms.serangkota.go.id\public\index.php(45): CodeIgniter\CodeIgniter->run()
#7 C:\xampp\htdocs\ci4\cms.serangkota.go.id\vendor\codeigniter4\framework\system\Commands\Server\rewrite.php(34): require_once('C:\\xampp\\htdocs...')
#8 {main}
CRITICAL - 2020-10-25 22:47:10 --> Undefined index: isitetxt
#0 C:\xampp\htdocs\ci4\cms.serangkota.go.id\app\Views\admin\running\index.php(5): CodeIgniter\Debug\Exceptions->errorHandler(8, 'Undefined index...', 'C:\\xampp\\htdocs...', 5, Array)
#1 C:\xampp\htdocs\ci4\cms.serangkota.go.id\vendor\codeigniter4\framework\system\View\View.php(246): include('C:\\xampp\\htdocs...')
#2 C:\xampp\htdocs\ci4\cms.serangkota.go.id\vendor\codeigniter4\framework\system\Common.php(1119): CodeIgniter\View\View->render('admin/running/i...', Array, true)
#3 C:\xampp\htdocs\ci4\cms.serangkota.go.id\app\Controllers\Running.php(29): view('admin/running/i...', Array)
#4 C:\xampp\htdocs\ci4\cms.serangkota.go.id\vendor\codeigniter4\framework\system\CodeIgniter.php(918): App\Controllers\Running->index()
#5 C:\xampp\htdocs\ci4\cms.serangkota.go.id\vendor\codeigniter4\framework\system\CodeIgniter.php(404): CodeIgniter\CodeIgniter->runController(Object(App\Controllers\Running))
#6 C:\xampp\htdocs\ci4\cms.serangkota.go.id\vendor\codeigniter4\framework\system\CodeIgniter.php(312): CodeIgniter\CodeIgniter->handleRequest(NULL, Object(Config\Cache), false)
#7 C:\xampp\htdocs\ci4\cms.serangkota.go.id\public\index.php(45): CodeIgniter\CodeIgniter->run()
#8 C:\xampp\htdocs\ci4\cms.serangkota.go.id\vendor\codeigniter4\framework\system\Commands\Server\rewrite.php(34): require_once('C:\\xampp\\htdocs...')
#9 {main}
CRITICAL - 2020-10-25 22:47:19 --> Undefined index: isitext
#0 C:\xampp\htdocs\ci4\cms.serangkota.go.id\app\Views\admin\running\index.php(5): CodeIgniter\Debug\Exceptions->errorHandler(8, 'Undefined index...', 'C:\\xampp\\htdocs...', 5, Array)
#1 C:\xampp\htdocs\ci4\cms.serangkota.go.id\vendor\codeigniter4\framework\system\View\View.php(246): include('C:\\xampp\\htdocs...')
#2 C:\xampp\htdocs\ci4\cms.serangkota.go.id\vendor\codeigniter4\framework\system\Common.php(1119): CodeIgniter\View\View->render('admin/running/i...', Array, true)
#3 C:\xampp\htdocs\ci4\cms.serangkota.go.id\app\Controllers\Running.php(29): view('admin/running/i...', Array)
#4 C:\xampp\htdocs\ci4\cms.serangkota.go.id\vendor\codeigniter4\framework\system\CodeIgniter.php(918): App\Controllers\Running->index()
#5 C:\xampp\htdocs\ci4\cms.serangkota.go.id\vendor\codeigniter4\framework\system\CodeIgniter.php(404): CodeIgniter\CodeIgniter->runController(Object(App\Controllers\Running))
#6 C:\xampp\htdocs\ci4\cms.serangkota.go.id\vendor\codeigniter4\framework\system\CodeIgniter.php(312): CodeIgniter\CodeIgniter->handleRequest(NULL, Object(Config\Cache), false)
#7 C:\xampp\htdocs\ci4\cms.serangkota.go.id\public\index.php(45): CodeIgniter\CodeIgniter->run()
#8 C:\xampp\htdocs\ci4\cms.serangkota.go.id\vendor\codeigniter4\framework\system\Commands\Server\rewrite.php(34): require_once('C:\\xampp\\htdocs...')
#9 {main}
CRITICAL - 2020-10-25 22:53:28 --> Undefined variable: validation
#0 C:\xampp\htdocs\ci4\cms.serangkota.go.id\app\Views\admin\running\index.php(28): CodeIgniter\Debug\Exceptions->errorHandler(8, 'Undefined varia...', 'C:\\xampp\\htdocs...', 28, Array)
#1 C:\xampp\htdocs\ci4\cms.serangkota.go.id\vendor\codeigniter4\framework\system\View\View.php(246): include('C:\\xampp\\htdocs...')
#2 C:\xampp\htdocs\ci4\cms.serangkota.go.id\vendor\codeigniter4\framework\system\Common.php(1119): CodeIgniter\View\View->render('admin/running/i...', Array, true)
#3 C:\xampp\htdocs\ci4\cms.serangkota.go.id\app\Controllers\Running.php(29): view('admin/running/i...', Array)
#4 C:\xampp\htdocs\ci4\cms.serangkota.go.id\vendor\codeigniter4\framework\system\CodeIgniter.php(918): App\Controllers\Running->index()
#5 C:\xampp\htdocs\ci4\cms.serangkota.go.id\vendor\codeigniter4\framework\system\CodeIgniter.php(404): CodeIgniter\CodeIgniter->runController(Object(App\Controllers\Running))
#6 C:\xampp\htdocs\ci4\cms.serangkota.go.id\vendor\codeigniter4\framework\system\CodeIgniter.php(312): CodeIgniter\CodeIgniter->handleRequest(NULL, Object(Config\Cache), false)
#7 C:\xampp\htdocs\ci4\cms.serangkota.go.id\public\index.php(45): CodeIgniter\CodeIgniter->run()
#8 C:\xampp\htdocs\ci4\cms.serangkota.go.id\vendor\codeigniter4\framework\system\Commands\Server\rewrite.php(34): require_once('C:\\xampp\\htdocs...')
#9 {main}
CRITICAL - 2020-10-25 23:04:33 --> syntax error, unexpected 'if' (T_IF)
#0 C:\xampp\htdocs\ci4\cms.serangkota.go.id\vendor\codeigniter4\framework\system\Autoloader\Autoloader.php(296): CodeIgniter\Autoloader\Autoloader->requireFile('C:\\xampp\\htdocs...')
#1 C:\xampp\htdocs\ci4\cms.serangkota.go.id\vendor\codeigniter4\framework\system\Autoloader\Autoloader.php(258): CodeIgniter\Autoloader\Autoloader->loadInNamespace('App\\Controllers...')
#2 [internal function]: CodeIgniter\Autoloader\Autoloader->loadClass('App\\Controllers...')
#3 [internal function]: spl_autoload_call('App\\Controllers...')
#4 C:\xampp\htdocs\ci4\cms.serangkota.go.id\vendor\codeigniter4\framework\system\CodeIgniter.php(869): class_exists('\\App\\Controller...', true)
#5 C:\xampp\htdocs\ci4\cms.serangkota.go.id\vendor\codeigniter4\framework\system\CodeIgniter.php(394): CodeIgniter\CodeIgniter->startController()
#6 C:\xampp\htdocs\ci4\cms.serangkota.go.id\vendor\codeigniter4\framework\system\CodeIgniter.php(312): CodeIgniter\CodeIgniter->handleRequest(NULL, Object(Config\Cache), false)
#7 C:\xampp\htdocs\ci4\cms.serangkota.go.id\public\index.php(45): CodeIgniter\CodeIgniter->run()
#8 C:\xampp\htdocs\ci4\cms.serangkota.go.id\vendor\codeigniter4\framework\system\Commands\Server\rewrite.php(34): require_once('C:\\xampp\\htdocs...')
#9 {main}
CRITICAL - 2020-10-25 23:08:15 --> There is no data to update.
#0 C:\xampp\htdocs\ci4\cms.serangkota.go.id\vendor\codeigniter4\framework\system\Model.php(834): CodeIgniter\Database\Exceptions\DataException::forEmptyDataset('update')
#1 C:\xampp\htdocs\ci4\cms.serangkota.go.id\app\Models\RunningModel.php(19): CodeIgniter\Model->update(Array)
#2 C:\xampp\htdocs\ci4\cms.serangkota.go.id\app\Controllers\Running.php(55): App\Models\RunningModel->updateText('asaxas')
#3 C:\xampp\htdocs\ci4\cms.serangkota.go.id\vendor\codeigniter4\framework\system\CodeIgniter.php(918): App\Controllers\Running->update()
#4 C:\xampp\htdocs\ci4\cms.serangkota.go.id\vendor\codeigniter4\framework\system\CodeIgniter.php(404): CodeIgniter\CodeIgniter->runController(Object(App\Controllers\Running))
#5 C:\xampp\htdocs\ci4\cms.serangkota.go.id\vendor\codeigniter4\framework\system\CodeIgniter.php(312): CodeIgniter\CodeIgniter->handleRequest(NULL, Object(Config\Cache), false)
#6 C:\xampp\htdocs\ci4\cms.serangkota.go.id\public\index.php(45): CodeIgniter\CodeIgniter->run()
#7 C:\xampp\htdocs\ci4\cms.serangkota.go.id\vendor\codeigniter4\framework\system\Commands\Server\rewrite.php(34): require_once('C:\\xampp\\htdocs...')
#8 {main}
CRITICAL - 2020-10-25 23:12:41 --> There is no data to update.
#0 C:\xampp\htdocs\ci4\cms.serangkota.go.id\vendor\codeigniter4\framework\system\Model.php(834): CodeIgniter\Database\Exceptions\DataException::forEmptyDataset('update')
#1 C:\xampp\htdocs\ci4\cms.serangkota.go.id\app\Models\RunningModel.php(20): CodeIgniter\Model->update(Array)
#2 C:\xampp\htdocs\ci4\cms.serangkota.go.id\app\Controllers\Running.php(55): App\Models\RunningModel->updateText('asaxassadafadf')
#3 C:\xampp\htdocs\ci4\cms.serangkota.go.id\vendor\codeigniter4\framework\system\CodeIgniter.php(918): App\Controllers\Running->update()
#4 C:\xampp\htdocs\ci4\cms.serangkota.go.id\vendor\codeigniter4\framework\system\CodeIgniter.php(404): CodeIgniter\CodeIgniter->runController(Object(App\Controllers\Running))
#5 C:\xampp\htdocs\ci4\cms.serangkota.go.id\vendor\codeigniter4\framework\system\CodeIgniter.php(312): CodeIgniter\CodeIgniter->handleRequest(NULL, Object(Config\Cache), false)
#6 C:\xampp\htdocs\ci4\cms.serangkota.go.id\public\index.php(45): CodeIgniter\CodeIgniter->run()
#7 C:\xampp\htdocs\ci4\cms.serangkota.go.id\vendor\codeigniter4\framework\system\Commands\Server\rewrite.php(34): require_once('C:\\xampp\\htdocs...')
#8 {main}
