CRITICAL - 2020-11-01 21:47:50 --> syntax error, unexpected '}', expecting ';'
#0 C:\xampp\htdocs\ci4\cms.serangkota.go.id\vendor\codeigniter4\framework\system\Autoloader\Autoloader.php(296): CodeIgniter\Autoloader\Autoloader->requireFile('C:\\xampp\\htdocs...')
#1 C:\xampp\htdocs\ci4\cms.serangkota.go.id\vendor\codeigniter4\framework\system\Autoloader\Autoloader.php(258): CodeIgniter\Autoloader\Autoloader->loadInNamespace('App\\Controllers...')
#2 [internal function]: CodeIgniter\Autoloader\Autoloader->loadClass('App\\Controllers...')
#3 [internal function]: spl_autoload_call('App\\Controllers...')
#4 C:\xampp\htdocs\ci4\cms.serangkota.go.id\vendor\codeigniter4\framework\system\CodeIgniter.php(869): class_exists('\\App\\Controller...', true)
#5 C:\xampp\htdocs\ci4\cms.serangkota.go.id\vendor\codeigniter4\framework\system\CodeIgniter.php(394): CodeIgniter\CodeIgniter->startController()
#6 C:\xampp\htdocs\ci4\cms.serangkota.go.id\vendor\codeigniter4\framework\system\CodeIgniter.php(312): CodeIgniter\CodeIgniter->handleRequest(NULL, Object(Config\Cache), false)
#7 C:\xampp\htdocs\ci4\cms.serangkota.go.id\public\index.php(45): CodeIgniter\CodeIgniter->run()
#8 C:\xampp\htdocs\ci4\cms.serangkota.go.id\vendor\codeigniter4\framework\system\Commands\Server\rewrite.php(34): require_once('C:\\xampp\\htdocs...')
#9 {main}
CRITICAL - 2020-11-01 22:35:19 --> Undefined variable: validation
#0 C:\xampp\htdocs\ci4\cms.serangkota.go.id\app\Views\admin\login\index.php(19): CodeIgniter\Debug\Exceptions->errorHandler(8, 'Undefined varia...', 'C:\\xampp\\htdocs...', 19, Array)
#1 C:\xampp\htdocs\ci4\cms.serangkota.go.id\vendor\codeigniter4\framework\system\View\View.php(246): include('C:\\xampp\\htdocs...')
#2 C:\xampp\htdocs\ci4\cms.serangkota.go.id\vendor\codeigniter4\framework\system\Common.php(1119): CodeIgniter\View\View->render('admin/login/ind...', Array, true)
#3 C:\xampp\htdocs\ci4\cms.serangkota.go.id\app\Controllers\Login\Login.php(21): view('admin/login/ind...')
#4 C:\xampp\htdocs\ci4\cms.serangkota.go.id\vendor\codeigniter4\framework\system\CodeIgniter.php(918): App\Controllers\Login\Login->index()
#5 C:\xampp\htdocs\ci4\cms.serangkota.go.id\vendor\codeigniter4\framework\system\CodeIgniter.php(404): CodeIgniter\CodeIgniter->runController(Object(App\Controllers\Login\Login))
#6 C:\xampp\htdocs\ci4\cms.serangkota.go.id\vendor\codeigniter4\framework\system\CodeIgniter.php(312): CodeIgniter\CodeIgniter->handleRequest(NULL, Object(Config\Cache), false)
#7 C:\xampp\htdocs\ci4\cms.serangkota.go.id\public\index.php(45): CodeIgniter\CodeIgniter->run()
#8 C:\xampp\htdocs\ci4\cms.serangkota.go.id\vendor\codeigniter4\framework\system\Commands\Server\rewrite.php(34): require_once('C:\\xampp\\htdocs...')
#9 {main}
CRITICAL - 2020-11-01 22:42:18 --> Trying to get property 'id_user' of non-object
#0 C:\xampp\htdocs\ci4\cms.serangkota.go.id\app\Controllers\Login\Login.php(54): CodeIgniter\Debug\Exceptions->errorHandler(8, 'Trying to get p...', 'C:\\xampp\\htdocs...', 54, Array)
#1 C:\xampp\htdocs\ci4\cms.serangkota.go.id\vendor\codeigniter4\framework\system\CodeIgniter.php(918): App\Controllers\Login\Login->in()
#2 C:\xampp\htdocs\ci4\cms.serangkota.go.id\vendor\codeigniter4\framework\system\CodeIgniter.php(404): CodeIgniter\CodeIgniter->runController(Object(App\Controllers\Login\Login))
#3 C:\xampp\htdocs\ci4\cms.serangkota.go.id\vendor\codeigniter4\framework\system\CodeIgniter.php(312): CodeIgniter\CodeIgniter->handleRequest(NULL, Object(Config\Cache), false)
#4 C:\xampp\htdocs\ci4\cms.serangkota.go.id\public\index.php(45): CodeIgniter\CodeIgniter->run()
#5 C:\xampp\htdocs\ci4\cms.serangkota.go.id\vendor\codeigniter4\framework\system\Commands\Server\rewrite.php(34): require_once('C:\\xampp\\htdocs...')
#6 {main}
CRITICAL - 2020-11-01 22:52:02 --> Call to a member function getMenu() on null
#0 C:\xampp\htdocs\ci4\cms.serangkota.go.id\vendor\codeigniter4\framework\system\CodeIgniter.php(918): App\Controllers\Admin\BannerAdmin->index()
#1 C:\xampp\htdocs\ci4\cms.serangkota.go.id\vendor\codeigniter4\framework\system\CodeIgniter.php(404): CodeIgniter\CodeIgniter->runController(Object(App\Controllers\Admin\BannerAdmin))
#2 C:\xampp\htdocs\ci4\cms.serangkota.go.id\vendor\codeigniter4\framework\system\CodeIgniter.php(312): CodeIgniter\CodeIgniter->handleRequest(NULL, Object(Config\Cache), false)
#3 C:\xampp\htdocs\ci4\cms.serangkota.go.id\public\index.php(45): CodeIgniter\CodeIgniter->run()
#4 C:\xampp\htdocs\ci4\cms.serangkota.go.id\vendor\codeigniter4\framework\system\Commands\Server\rewrite.php(34): require_once('C:\\xampp\\htdocs...')
#5 {main}
CRITICAL - 2020-11-01 22:56:43 --> Undefined variable: count
#0 C:\xampp\htdocs\ci4\cms.serangkota.go.id\app\Views\admin\banner\index.php(4): CodeIgniter\Debug\Exceptions->errorHandler(8, 'Undefined varia...', 'C:\\xampp\\htdocs...', 4, Array)
#1 C:\xampp\htdocs\ci4\cms.serangkota.go.id\vendor\codeigniter4\framework\system\View\View.php(246): include('C:\\xampp\\htdocs...')
#2 C:\xampp\htdocs\ci4\cms.serangkota.go.id\vendor\codeigniter4\framework\system\Common.php(1119): CodeIgniter\View\View->render('admin/banner/in...', Array, true)
#3 C:\xampp\htdocs\ci4\cms.serangkota.go.id\app\Controllers\Admin\BannerAdmin.php(29): view('admin/banner/in...', Array)
#4 C:\xampp\htdocs\ci4\cms.serangkota.go.id\vendor\codeigniter4\framework\system\CodeIgniter.php(918): App\Controllers\Admin\BannerAdmin->index()
#5 C:\xampp\htdocs\ci4\cms.serangkota.go.id\vendor\codeigniter4\framework\system\CodeIgniter.php(404): CodeIgniter\CodeIgniter->runController(Object(App\Controllers\Admin\BannerAdmin))
#6 C:\xampp\htdocs\ci4\cms.serangkota.go.id\vendor\codeigniter4\framework\system\CodeIgniter.php(312): CodeIgniter\CodeIgniter->handleRequest(NULL, Object(Config\Cache), false)
#7 C:\xampp\htdocs\ci4\cms.serangkota.go.id\public\index.php(45): CodeIgniter\CodeIgniter->run()
#8 C:\xampp\htdocs\ci4\cms.serangkota.go.id\vendor\codeigniter4\framework\system\Commands\Server\rewrite.php(34): require_once('C:\\xampp\\htdocs...')
#9 {main}
CRITICAL - 2020-11-01 22:58:20 --> Call to a member function getMenu() on null
#0 C:\xampp\htdocs\ci4\cms.serangkota.go.id\vendor\codeigniter4\framework\system\CodeIgniter.php(918): App\Controllers\Admin\BannerAdmin->index()
#1 C:\xampp\htdocs\ci4\cms.serangkota.go.id\vendor\codeigniter4\framework\system\CodeIgniter.php(404): CodeIgniter\CodeIgniter->runController(Object(App\Controllers\Admin\BannerAdmin))
#2 C:\xampp\htdocs\ci4\cms.serangkota.go.id\vendor\codeigniter4\framework\system\CodeIgniter.php(312): CodeIgniter\CodeIgniter->handleRequest(NULL, Object(Config\Cache), false)
#3 C:\xampp\htdocs\ci4\cms.serangkota.go.id\public\index.php(45): CodeIgniter\CodeIgniter->run()
#4 C:\xampp\htdocs\ci4\cms.serangkota.go.id\vendor\codeigniter4\framework\system\Commands\Server\rewrite.php(34): require_once('C:\\xampp\\htdocs...')
#5 {main}
CRITICAL - 2020-11-01 22:59:47 --> Class 'App\Models\AdminModel' not found
#0 C:\xampp\htdocs\ci4\cms.serangkota.go.id\vendor\codeigniter4\framework\system\CodeIgniter.php(890): App\Controllers\Admin\GalleryAdmin->__construct()
#1 C:\xampp\htdocs\ci4\cms.serangkota.go.id\vendor\codeigniter4\framework\system\CodeIgniter.php(399): CodeIgniter\CodeIgniter->createController()
#2 C:\xampp\htdocs\ci4\cms.serangkota.go.id\vendor\codeigniter4\framework\system\CodeIgniter.php(312): CodeIgniter\CodeIgniter->handleRequest(NULL, Object(Config\Cache), false)
#3 C:\xampp\htdocs\ci4\cms.serangkota.go.id\public\index.php(45): CodeIgniter\CodeIgniter->run()
#4 C:\xampp\htdocs\ci4\cms.serangkota.go.id\vendor\codeigniter4\framework\system\Commands\Server\rewrite.php(34): require_once('C:\\xampp\\htdocs...')
#5 {main}
CRITICAL - 2020-11-01 23:00:57 --> session_id(): Cannot change session id when session is active
#0 [internal function]: CodeIgniter\Debug\Exceptions->errorHandler(2, 'session_id(): C...', 'C:\\xampp\\htdocs...', 27, Array)
#1 C:\xampp\htdocs\ci4\cms.serangkota.go.id\app\Controllers\Admin\BannerAdmin.php(27): session_id('login')
#2 C:\xampp\htdocs\ci4\cms.serangkota.go.id\vendor\codeigniter4\framework\system\CodeIgniter.php(918): App\Controllers\Admin\BannerAdmin->index()
#3 C:\xampp\htdocs\ci4\cms.serangkota.go.id\vendor\codeigniter4\framework\system\CodeIgniter.php(404): CodeIgniter\CodeIgniter->runController(Object(App\Controllers\Admin\BannerAdmin))
#4 C:\xampp\htdocs\ci4\cms.serangkota.go.id\vendor\codeigniter4\framework\system\CodeIgniter.php(312): CodeIgniter\CodeIgniter->handleRequest(NULL, Object(Config\Cache), false)
#5 C:\xampp\htdocs\ci4\cms.serangkota.go.id\public\index.php(45): CodeIgniter\CodeIgniter->run()
#6 C:\xampp\htdocs\ci4\cms.serangkota.go.id\vendor\codeigniter4\framework\system\Commands\Server\rewrite.php(34): require_once('C:\\xampp\\htdocs...')
#7 {main}
