CRITICAL - 2020-10-28 00:29:32 --> syntax error, unexpected '' (T_ENCAPSED_AND_WHITESPACE), expecting '-' or identifier (T_STRING) or variable (T_VARIABLE) or number (T_NUM_STRING)
#0 C:\xampp\htdocs\ci4\cms.serangkota.go.id\vendor\codeigniter4\framework\system\Common.php(1119): CodeIgniter\View\View->render('website/gallery...', Array, true)
#1 C:\xampp\htdocs\ci4\cms.serangkota.go.id\app\Controllers\Website\GalleryWeb.php(26): view('website/gallery...', Array)
#2 C:\xampp\htdocs\ci4\cms.serangkota.go.id\vendor\codeigniter4\framework\system\CodeIgniter.php(918): App\Controllers\Website\GalleryWeb->index()
#3 C:\xampp\htdocs\ci4\cms.serangkota.go.id\vendor\codeigniter4\framework\system\CodeIgniter.php(404): CodeIgniter\CodeIgniter->runController(Object(App\Controllers\Website\GalleryWeb))
#4 C:\xampp\htdocs\ci4\cms.serangkota.go.id\vendor\codeigniter4\framework\system\CodeIgniter.php(312): CodeIgniter\CodeIgniter->handleRequest(NULL, Object(Config\Cache), false)
#5 C:\xampp\htdocs\ci4\cms.serangkota.go.id\public\index.php(45): CodeIgniter\CodeIgniter->run()
#6 C:\xampp\htdocs\ci4\cms.serangkota.go.id\vendor\codeigniter4\framework\system\Commands\Server\rewrite.php(34): require_once('C:\\xampp\\htdocs...')
#7 {main}
CRITICAL - 2020-10-28 01:12:42 --> Undefined index: picture
#0 C:\xampp\htdocs\ci4\cms.serangkota.go.id\app\Views\website\gallery\index.php(13): CodeIgniter\Debug\Exceptions->errorHandler(8, 'Undefined index...', 'C:\\xampp\\htdocs...', 13, Array)
#1 C:\xampp\htdocs\ci4\cms.serangkota.go.id\vendor\codeigniter4\framework\system\View\View.php(246): include('C:\\xampp\\htdocs...')
#2 C:\xampp\htdocs\ci4\cms.serangkota.go.id\vendor\codeigniter4\framework\system\Common.php(1119): CodeIgniter\View\View->render('website/gallery...', Array, true)
#3 C:\xampp\htdocs\ci4\cms.serangkota.go.id\app\Controllers\Website\GalleryWeb.php(26): view('website/gallery...', Array)
#4 C:\xampp\htdocs\ci4\cms.serangkota.go.id\vendor\codeigniter4\framework\system\CodeIgniter.php(918): App\Controllers\Website\GalleryWeb->index()
#5 C:\xampp\htdocs\ci4\cms.serangkota.go.id\vendor\codeigniter4\framework\system\CodeIgniter.php(404): CodeIgniter\CodeIgniter->runController(Object(App\Controllers\Website\GalleryWeb))
#6 C:\xampp\htdocs\ci4\cms.serangkota.go.id\vendor\codeigniter4\framework\system\CodeIgniter.php(312): CodeIgniter\CodeIgniter->handleRequest(NULL, Object(Config\Cache), false)
#7 C:\xampp\htdocs\ci4\cms.serangkota.go.id\public\index.php(45): CodeIgniter\CodeIgniter->run()
#8 C:\xampp\htdocs\ci4\cms.serangkota.go.id\vendor\codeigniter4\framework\system\Commands\Server\rewrite.php(34): require_once('C:\\xampp\\htdocs...')
#9 {main}
CRITICAL - 2020-10-28 01:37:56 --> syntax error, unexpected ')', expecting ';'
#0 C:\xampp\htdocs\ci4\cms.serangkota.go.id\vendor\codeigniter4\framework\system\Autoloader\Autoloader.php(296): CodeIgniter\Autoloader\Autoloader->requireFile('C:\\xampp\\htdocs...')
#1 C:\xampp\htdocs\ci4\cms.serangkota.go.id\vendor\codeigniter4\framework\system\Autoloader\Autoloader.php(258): CodeIgniter\Autoloader\Autoloader->loadInNamespace('App\\Controllers...')
#2 [internal function]: CodeIgniter\Autoloader\Autoloader->loadClass('App\\Controllers...')
#3 [internal function]: spl_autoload_call('App\\Controllers...')
#4 C:\xampp\htdocs\ci4\cms.serangkota.go.id\vendor\codeigniter4\framework\system\CodeIgniter.php(869): class_exists('\\App\\Controller...', true)
#5 C:\xampp\htdocs\ci4\cms.serangkota.go.id\vendor\codeigniter4\framework\system\CodeIgniter.php(394): CodeIgniter\CodeIgniter->startController()
#6 C:\xampp\htdocs\ci4\cms.serangkota.go.id\vendor\codeigniter4\framework\system\CodeIgniter.php(312): CodeIgniter\CodeIgniter->handleRequest(NULL, Object(Config\Cache), false)
#7 C:\xampp\htdocs\ci4\cms.serangkota.go.id\public\index.php(45): CodeIgniter\CodeIgniter->run()
#8 C:\xampp\htdocs\ci4\cms.serangkota.go.id\vendor\codeigniter4\framework\system\Commands\Server\rewrite.php(34): require_once('C:\\xampp\\htdocs...')
#9 {main}
CRITICAL - 2020-10-28 01:53:38 --> Call to undefined method App\Models\GalleryModel::getFirstRow
#0 C:\xampp\htdocs\ci4\cms.serangkota.go.id\app\Models\GalleryModel.php(92): CodeIgniter\Model->__call('getFirstRow', Array)
#1 C:\xampp\htdocs\ci4\cms.serangkota.go.id\app\Controllers\Website\GalleryWeb.php(30): App\Models\GalleryModel->getThumbnail('pembangunan-inf...')
#2 C:\xampp\htdocs\ci4\cms.serangkota.go.id\vendor\codeigniter4\framework\system\CodeIgniter.php(918): App\Controllers\Website\GalleryWeb->details('pembangunan-inf...')
#3 C:\xampp\htdocs\ci4\cms.serangkota.go.id\vendor\codeigniter4\framework\system\CodeIgniter.php(404): CodeIgniter\CodeIgniter->runController(Object(App\Controllers\Website\GalleryWeb))
#4 C:\xampp\htdocs\ci4\cms.serangkota.go.id\vendor\codeigniter4\framework\system\CodeIgniter.php(312): CodeIgniter\CodeIgniter->handleRequest(NULL, Object(Config\Cache), false)
#5 C:\xampp\htdocs\ci4\cms.serangkota.go.id\public\index.php(45): CodeIgniter\CodeIgniter->run()
#6 C:\xampp\htdocs\ci4\cms.serangkota.go.id\vendor\codeigniter4\framework\system\Commands\Server\rewrite.php(34): require_once('C:\\xampp\\htdocs...')
#7 {main}
CRITICAL - 2020-10-28 01:54:18 --> Call to undefined method App\Models\GalleryModel::getFirstRow
#0 C:\xampp\htdocs\ci4\cms.serangkota.go.id\app\Models\GalleryModel.php(92): CodeIgniter\Model->__call('getFirstRow', Array)
#1 C:\xampp\htdocs\ci4\cms.serangkota.go.id\app\Controllers\Website\GalleryWeb.php(30): App\Models\GalleryModel->getThumbnail('pembangunan-inf...')
#2 C:\xampp\htdocs\ci4\cms.serangkota.go.id\vendor\codeigniter4\framework\system\CodeIgniter.php(918): App\Controllers\Website\GalleryWeb->details('pembangunan-inf...')
#3 C:\xampp\htdocs\ci4\cms.serangkota.go.id\vendor\codeigniter4\framework\system\CodeIgniter.php(404): CodeIgniter\CodeIgniter->runController(Object(App\Controllers\Website\GalleryWeb))
#4 C:\xampp\htdocs\ci4\cms.serangkota.go.id\vendor\codeigniter4\framework\system\CodeIgniter.php(312): CodeIgniter\CodeIgniter->handleRequest(NULL, Object(Config\Cache), false)
#5 C:\xampp\htdocs\ci4\cms.serangkota.go.id\public\index.php(45): CodeIgniter\CodeIgniter->run()
#6 C:\xampp\htdocs\ci4\cms.serangkota.go.id\vendor\codeigniter4\framework\system\Commands\Server\rewrite.php(34): require_once('C:\\xampp\\htdocs...')
#7 {main}
CRITICAL - 2020-10-28 01:56:58 --> Column 'id_album' in where clause is ambiguous
#0 C:\xampp\htdocs\ci4\cms.serangkota.go.id\vendor\codeigniter4\framework\system\Database\MySQLi\Connection.php(331): mysqli->query('SELECT `gallery...')
#1 C:\xampp\htdocs\ci4\cms.serangkota.go.id\vendor\codeigniter4\framework\system\Database\BaseConnection.php(741): CodeIgniter\Database\MySQLi\Connection->execute('SELECT `gallery...')
#2 C:\xampp\htdocs\ci4\cms.serangkota.go.id\vendor\codeigniter4\framework\system\Database\BaseConnection.php(669): CodeIgniter\Database\BaseConnection->simpleQuery('SELECT `gallery...')
#3 C:\xampp\htdocs\ci4\cms.serangkota.go.id\vendor\codeigniter4\framework\system\Database\BaseBuilder.php(1860): CodeIgniter\Database\BaseConnection->query('SELECT `gallery...', Array, false)
#4 C:\xampp\htdocs\ci4\cms.serangkota.go.id\vendor\codeigniter4\framework\system\Model.php(1818): CodeIgniter\Database\BaseBuilder->get()
#5 C:\xampp\htdocs\ci4\cms.serangkota.go.id\app\Models\GalleryModel.php(92): CodeIgniter\Model->__call('get', Array)
#6 C:\xampp\htdocs\ci4\cms.serangkota.go.id\app\Controllers\Website\GalleryWeb.php(30): App\Models\GalleryModel->getThumbnail('pembangunan-inf...')
#7 C:\xampp\htdocs\ci4\cms.serangkota.go.id\vendor\codeigniter4\framework\system\CodeIgniter.php(918): App\Controllers\Website\GalleryWeb->details('pembangunan-inf...')
#8 C:\xampp\htdocs\ci4\cms.serangkota.go.id\vendor\codeigniter4\framework\system\CodeIgniter.php(404): CodeIgniter\CodeIgniter->runController(Object(App\Controllers\Website\GalleryWeb))
#9 C:\xampp\htdocs\ci4\cms.serangkota.go.id\vendor\codeigniter4\framework\system\CodeIgniter.php(312): CodeIgniter\CodeIgniter->handleRequest(NULL, Object(Config\Cache), false)
#10 C:\xampp\htdocs\ci4\cms.serangkota.go.id\public\index.php(45): CodeIgniter\CodeIgniter->run()
#11 C:\xampp\htdocs\ci4\cms.serangkota.go.id\vendor\codeigniter4\framework\system\Commands\Server\rewrite.php(34): require_once('C:\\xampp\\htdocs...')
#12 {main}
CRITICAL - 2020-10-28 02:00:48 --> Column 'id_album' in where clause is ambiguous
#0 C:\xampp\htdocs\ci4\cms.serangkota.go.id\vendor\codeigniter4\framework\system\Database\MySQLi\Connection.php(331): mysqli->query('SELECT `gallery...')
#1 C:\xampp\htdocs\ci4\cms.serangkota.go.id\vendor\codeigniter4\framework\system\Database\BaseConnection.php(741): CodeIgniter\Database\MySQLi\Connection->execute('SELECT `gallery...')
#2 C:\xampp\htdocs\ci4\cms.serangkota.go.id\vendor\codeigniter4\framework\system\Database\BaseConnection.php(669): CodeIgniter\Database\BaseConnection->simpleQuery('SELECT `gallery...')
#3 C:\xampp\htdocs\ci4\cms.serangkota.go.id\vendor\codeigniter4\framework\system\Database\BaseBuilder.php(1860): CodeIgniter\Database\BaseConnection->query('SELECT `gallery...', Array, false)
#4 C:\xampp\htdocs\ci4\cms.serangkota.go.id\vendor\codeigniter4\framework\system\Model.php(1818): CodeIgniter\Database\BaseBuilder->get()
#5 C:\xampp\htdocs\ci4\cms.serangkota.go.id\app\Models\GalleryModel.php(92): CodeIgniter\Model->__call('get', Array)
#6 C:\xampp\htdocs\ci4\cms.serangkota.go.id\app\Controllers\Website\GalleryWeb.php(30): App\Models\GalleryModel->getThumbnail('pembangunan-inf...')
#7 C:\xampp\htdocs\ci4\cms.serangkota.go.id\vendor\codeigniter4\framework\system\CodeIgniter.php(918): App\Controllers\Website\GalleryWeb->details('pembangunan-inf...')
#8 C:\xampp\htdocs\ci4\cms.serangkota.go.id\vendor\codeigniter4\framework\system\CodeIgniter.php(404): CodeIgniter\CodeIgniter->runController(Object(App\Controllers\Website\GalleryWeb))
#9 C:\xampp\htdocs\ci4\cms.serangkota.go.id\vendor\codeigniter4\framework\system\CodeIgniter.php(312): CodeIgniter\CodeIgniter->handleRequest(NULL, Object(Config\Cache), false)
#10 C:\xampp\htdocs\ci4\cms.serangkota.go.id\public\index.php(45): CodeIgniter\CodeIgniter->run()
#11 C:\xampp\htdocs\ci4\cms.serangkota.go.id\vendor\codeigniter4\framework\system\Commands\Server\rewrite.php(34): require_once('C:\\xampp\\htdocs...')
#12 {main}
CRITICAL - 2020-10-28 02:08:40 --> Cannot use object of type stdClass as array
#0 C:\xampp\htdocs\ci4\cms.serangkota.go.id\vendor\codeigniter4\framework\system\View\View.php(246): include()
#1 C:\xampp\htdocs\ci4\cms.serangkota.go.id\vendor\codeigniter4\framework\system\Common.php(1119): CodeIgniter\View\View->render('website/gallery...', Array, true)
#2 C:\xampp\htdocs\ci4\cms.serangkota.go.id\app\Controllers\Website\GalleryWeb.php(26): view('website/gallery...', Array)
#3 C:\xampp\htdocs\ci4\cms.serangkota.go.id\vendor\codeigniter4\framework\system\CodeIgniter.php(918): App\Controllers\Website\GalleryWeb->index()
#4 C:\xampp\htdocs\ci4\cms.serangkota.go.id\vendor\codeigniter4\framework\system\CodeIgniter.php(404): CodeIgniter\CodeIgniter->runController(Object(App\Controllers\Website\GalleryWeb))
#5 C:\xampp\htdocs\ci4\cms.serangkota.go.id\vendor\codeigniter4\framework\system\CodeIgniter.php(312): CodeIgniter\CodeIgniter->handleRequest(NULL, Object(Config\Cache), false)
#6 C:\xampp\htdocs\ci4\cms.serangkota.go.id\public\index.php(45): CodeIgniter\CodeIgniter->run()
#7 C:\xampp\htdocs\ci4\cms.serangkota.go.id\vendor\codeigniter4\framework\system\Commands\Server\rewrite.php(34): require_once('C:\\xampp\\htdocs...')
#8 {main}
CRITICAL - 2020-10-28 02:10:25 --> Cannot use object of type stdClass as array
#0 C:\xampp\htdocs\ci4\cms.serangkota.go.id\vendor\codeigniter4\framework\system\View\View.php(246): include()
#1 C:\xampp\htdocs\ci4\cms.serangkota.go.id\vendor\codeigniter4\framework\system\Common.php(1119): CodeIgniter\View\View->render('website/gallery...', Array, true)
#2 C:\xampp\htdocs\ci4\cms.serangkota.go.id\app\Controllers\Website\GalleryWeb.php(27): view('website/gallery...', Array)
#3 C:\xampp\htdocs\ci4\cms.serangkota.go.id\vendor\codeigniter4\framework\system\CodeIgniter.php(918): App\Controllers\Website\GalleryWeb->index()
#4 C:\xampp\htdocs\ci4\cms.serangkota.go.id\vendor\codeigniter4\framework\system\CodeIgniter.php(404): CodeIgniter\CodeIgniter->runController(Object(App\Controllers\Website\GalleryWeb))
#5 C:\xampp\htdocs\ci4\cms.serangkota.go.id\vendor\codeigniter4\framework\system\CodeIgniter.php(312): CodeIgniter\CodeIgniter->handleRequest(NULL, Object(Config\Cache), false)
#6 C:\xampp\htdocs\ci4\cms.serangkota.go.id\public\index.php(45): CodeIgniter\CodeIgniter->run()
#7 C:\xampp\htdocs\ci4\cms.serangkota.go.id\vendor\codeigniter4\framework\system\Commands\Server\rewrite.php(34): require_once('C:\\xampp\\htdocs...')
#8 {main}
CRITICAL - 2020-10-28 02:16:36 --> Undefined index: seotitle
#0 C:\xampp\htdocs\ci4\cms.serangkota.go.id\app\Views\website\gallery\index.php(17): CodeIgniter\Debug\Exceptions->errorHandler(8, 'Undefined index...', 'C:\\xampp\\htdocs...', 17, Array)
#1 C:\xampp\htdocs\ci4\cms.serangkota.go.id\vendor\codeigniter4\framework\system\View\View.php(246): include('C:\\xampp\\htdocs...')
#2 C:\xampp\htdocs\ci4\cms.serangkota.go.id\vendor\codeigniter4\framework\system\Common.php(1119): CodeIgniter\View\View->render('website/gallery...', Array, true)
#3 C:\xampp\htdocs\ci4\cms.serangkota.go.id\app\Controllers\Website\GalleryWeb.php(27): view('website/gallery...', Array)
#4 C:\xampp\htdocs\ci4\cms.serangkota.go.id\vendor\codeigniter4\framework\system\CodeIgniter.php(918): App\Controllers\Website\GalleryWeb->index()
#5 C:\xampp\htdocs\ci4\cms.serangkota.go.id\vendor\codeigniter4\framework\system\CodeIgniter.php(404): CodeIgniter\CodeIgniter->runController(Object(App\Controllers\Website\GalleryWeb))
#6 C:\xampp\htdocs\ci4\cms.serangkota.go.id\vendor\codeigniter4\framework\system\CodeIgniter.php(312): CodeIgniter\CodeIgniter->handleRequest(NULL, Object(Config\Cache), false)
#7 C:\xampp\htdocs\ci4\cms.serangkota.go.id\public\index.php(45): CodeIgniter\CodeIgniter->run()
#8 C:\xampp\htdocs\ci4\cms.serangkota.go.id\vendor\codeigniter4\framework\system\Commands\Server\rewrite.php(34): require_once('C:\\xampp\\htdocs...')
#9 {main}
CRITICAL - 2020-10-28 02:21:43 --> Undefined property: App\Controllers\Website\Home::$gallery
#0 C:\xampp\htdocs\ci4\cms.serangkota.go.id\app\Controllers\Website\Home.php(18): CodeIgniter\Debug\Exceptions->errorHandler(8, 'Undefined prope...', 'C:\\xampp\\htdocs...', 18, Array)
#1 C:\xampp\htdocs\ci4\cms.serangkota.go.id\vendor\codeigniter4\framework\system\CodeIgniter.php(918): App\Controllers\Website\Home->index()
#2 C:\xampp\htdocs\ci4\cms.serangkota.go.id\vendor\codeigniter4\framework\system\CodeIgniter.php(404): CodeIgniter\CodeIgniter->runController(Object(App\Controllers\Website\Home))
#3 C:\xampp\htdocs\ci4\cms.serangkota.go.id\vendor\codeigniter4\framework\system\CodeIgniter.php(312): CodeIgniter\CodeIgniter->handleRequest(NULL, Object(Config\Cache), false)
#4 C:\xampp\htdocs\ci4\cms.serangkota.go.id\public\index.php(45): CodeIgniter\CodeIgniter->run()
#5 C:\xampp\htdocs\ci4\cms.serangkota.go.id\vendor\codeigniter4\framework\system\Commands\Server\rewrite.php(34): require_once('C:\\xampp\\htdocs...')
#6 {main}
CRITICAL - 2020-10-28 02:22:17 --> Class 'App\Controllers\Website\GalleryModel' not found
#0 C:\xampp\htdocs\ci4\cms.serangkota.go.id\vendor\codeigniter4\framework\system\CodeIgniter.php(890): App\Controllers\Website\Home->__construct()
#1 C:\xampp\htdocs\ci4\cms.serangkota.go.id\vendor\codeigniter4\framework\system\CodeIgniter.php(399): CodeIgniter\CodeIgniter->createController()
#2 C:\xampp\htdocs\ci4\cms.serangkota.go.id\vendor\codeigniter4\framework\system\CodeIgniter.php(312): CodeIgniter\CodeIgniter->handleRequest(NULL, Object(Config\Cache), false)
#3 C:\xampp\htdocs\ci4\cms.serangkota.go.id\public\index.php(45): CodeIgniter\CodeIgniter->run()
#4 C:\xampp\htdocs\ci4\cms.serangkota.go.id\vendor\codeigniter4\framework\system\Commands\Server\rewrite.php(34): require_once('C:\\xampp\\htdocs...')
#5 {main}
CRITICAL - 2020-10-28 02:22:57 --> Undefined variable: judul
#0 C:\xampp\htdocs\ci4\cms.serangkota.go.id\app\Views\website\index.php(7): CodeIgniter\Debug\Exceptions->errorHandler(8, 'Undefined varia...', 'C:\\xampp\\htdocs...', 7, Array)
#1 C:\xampp\htdocs\ci4\cms.serangkota.go.id\vendor\codeigniter4\framework\system\View\View.php(246): include('C:\\xampp\\htdocs...')
#2 C:\xampp\htdocs\ci4\cms.serangkota.go.id\vendor\codeigniter4\framework\system\Common.php(1119): CodeIgniter\View\View->render('website/index', Array, true)
#3 C:\xampp\htdocs\ci4\cms.serangkota.go.id\app\Controllers\Website\Home.php(24): view('website/index', Array)
#4 C:\xampp\htdocs\ci4\cms.serangkota.go.id\vendor\codeigniter4\framework\system\CodeIgniter.php(918): App\Controllers\Website\Home->index()
#5 C:\xampp\htdocs\ci4\cms.serangkota.go.id\vendor\codeigniter4\framework\system\CodeIgniter.php(404): CodeIgniter\CodeIgniter->runController(Object(App\Controllers\Website\Home))
#6 C:\xampp\htdocs\ci4\cms.serangkota.go.id\vendor\codeigniter4\framework\system\CodeIgniter.php(312): CodeIgniter\CodeIgniter->handleRequest(NULL, Object(Config\Cache), false)
#7 C:\xampp\htdocs\ci4\cms.serangkota.go.id\public\index.php(45): CodeIgniter\CodeIgniter->run()
#8 C:\xampp\htdocs\ci4\cms.serangkota.go.id\vendor\codeigniter4\framework\system\Commands\Server\rewrite.php(34): require_once('C:\\xampp\\htdocs...')
#9 {main}
CRITICAL - 2020-10-28 03:17:36 --> Undefined index: seo
#0 C:\xampp\htdocs\ci4\cms.serangkota.go.id\app\Views\website\gallery\index.php(17): CodeIgniter\Debug\Exceptions->errorHandler(8, 'Undefined index...', 'C:\\xampp\\htdocs...', 17, Array)
#1 C:\xampp\htdocs\ci4\cms.serangkota.go.id\vendor\codeigniter4\framework\system\View\View.php(246): include('C:\\xampp\\htdocs...')
#2 C:\xampp\htdocs\ci4\cms.serangkota.go.id\vendor\codeigniter4\framework\system\Common.php(1119): CodeIgniter\View\View->render('website/gallery...', Array, true)
#3 C:\xampp\htdocs\ci4\cms.serangkota.go.id\app\Controllers\Website\GalleryWeb.php(36): view('website/gallery...', Array)
#4 C:\xampp\htdocs\ci4\cms.serangkota.go.id\vendor\codeigniter4\framework\system\CodeIgniter.php(918): App\Controllers\Website\GalleryWeb->details('pembangunan-inf...')
#5 C:\xampp\htdocs\ci4\cms.serangkota.go.id\vendor\codeigniter4\framework\system\CodeIgniter.php(404): CodeIgniter\CodeIgniter->runController(Object(App\Controllers\Website\GalleryWeb))
#6 C:\xampp\htdocs\ci4\cms.serangkota.go.id\vendor\codeigniter4\framework\system\CodeIgniter.php(312): CodeIgniter\CodeIgniter->handleRequest(NULL, Object(Config\Cache), false)
#7 C:\xampp\htdocs\ci4\cms.serangkota.go.id\public\index.php(45): CodeIgniter\CodeIgniter->run()
#8 C:\xampp\htdocs\ci4\cms.serangkota.go.id\vendor\codeigniter4\framework\system\Commands\Server\rewrite.php(34): require_once('C:\\xampp\\htdocs...')
#9 {main}
CRITICAL - 2020-10-28 03:19:06 --> Undefined index: tiile
#0 C:\xampp\htdocs\ci4\cms.serangkota.go.id\app\Views\website\gallery\gallery-details.php(15): CodeIgniter\Debug\Exceptions->errorHandler(8, 'Undefined index...', 'C:\\xampp\\htdocs...', 15, Array)
#1 C:\xampp\htdocs\ci4\cms.serangkota.go.id\vendor\codeigniter4\framework\system\View\View.php(246): include('C:\\xampp\\htdocs...')
#2 C:\xampp\htdocs\ci4\cms.serangkota.go.id\vendor\codeigniter4\framework\system\Common.php(1119): CodeIgniter\View\View->render('website/gallery...', Array, true)
#3 C:\xampp\htdocs\ci4\cms.serangkota.go.id\app\Controllers\Website\GalleryWeb.php(36): view('website/gallery...', Array)
#4 C:\xampp\htdocs\ci4\cms.serangkota.go.id\vendor\codeigniter4\framework\system\CodeIgniter.php(918): App\Controllers\Website\GalleryWeb->details('pembangunan-inf...')
#5 C:\xampp\htdocs\ci4\cms.serangkota.go.id\vendor\codeigniter4\framework\system\CodeIgniter.php(404): CodeIgniter\CodeIgniter->runController(Object(App\Controllers\Website\GalleryWeb))
#6 C:\xampp\htdocs\ci4\cms.serangkota.go.id\vendor\codeigniter4\framework\system\CodeIgniter.php(312): CodeIgniter\CodeIgniter->handleRequest(NULL, Object(Config\Cache), false)
#7 C:\xampp\htdocs\ci4\cms.serangkota.go.id\public\index.php(45): CodeIgniter\CodeIgniter->run()
#8 C:\xampp\htdocs\ci4\cms.serangkota.go.id\vendor\codeigniter4\framework\system\Commands\Server\rewrite.php(34): require_once('C:\\xampp\\htdocs...')
#9 {main}
CRITICAL - 2020-10-28 05:12:03 --> Undefined variable: menu
#0 C:\xampp\htdocs\ci4\cms.serangkota.go.id\app\Views\layout\sidebarAdmin.php(5): CodeIgniter\Debug\Exceptions->errorHandler(8, 'Undefined varia...', 'C:\\xampp\\htdocs...', 5, Array)
#1 C:\xampp\htdocs\ci4\cms.serangkota.go.id\vendor\codeigniter4\framework\system\View\View.php(246): include('C:\\xampp\\htdocs...')
#2 C:\xampp\htdocs\ci4\cms.serangkota.go.id\vendor\codeigniter4\framework\system\View\View.php(525): CodeIgniter\View\View->render('layout/sidebarA...', NULL, true)
#3 C:\xampp\htdocs\ci4\cms.serangkota.go.id\app\Views\layout\templateAdmin.php(57): CodeIgniter\View\View->include('layout/sidebarA...')
#4 C:\xampp\htdocs\ci4\cms.serangkota.go.id\vendor\codeigniter4\framework\system\View\View.php(246): include('C:\\xampp\\htdocs...')
#5 C:\xampp\htdocs\ci4\cms.serangkota.go.id\vendor\codeigniter4\framework\system\View\View.php(257): CodeIgniter\View\View->render('layout/template...', Array, true)
#6 C:\xampp\htdocs\ci4\cms.serangkota.go.id\vendor\codeigniter4\framework\system\Common.php(1119): CodeIgniter\View\View->render('admin/banner/cr...', Array, true)
#7 C:\xampp\htdocs\ci4\cms.serangkota.go.id\app\Controllers\Admin\BannerAdmin.php(34): view('admin/banner/cr...', Array)
#8 C:\xampp\htdocs\ci4\cms.serangkota.go.id\vendor\codeigniter4\framework\system\CodeIgniter.php(918): App\Controllers\Admin\BannerAdmin->create()
#9 C:\xampp\htdocs\ci4\cms.serangkota.go.id\vendor\codeigniter4\framework\system\CodeIgniter.php(404): CodeIgniter\CodeIgniter->runController(Object(App\Controllers\Admin\BannerAdmin))
#10 C:\xampp\htdocs\ci4\cms.serangkota.go.id\vendor\codeigniter4\framework\system\CodeIgniter.php(312): CodeIgniter\CodeIgniter->handleRequest(NULL, Object(Config\Cache), false)
#11 C:\xampp\htdocs\ci4\cms.serangkota.go.id\public\index.php(45): CodeIgniter\CodeIgniter->run()
#12 C:\xampp\htdocs\ci4\cms.serangkota.go.id\vendor\codeigniter4\framework\system\Commands\Server\rewrite.php(34): require_once('C:\\xampp\\htdocs...')
#13 {main}
CRITICAL - 2020-10-28 05:12:43 --> Undefined variable: menu
#0 C:\xampp\htdocs\ci4\cms.serangkota.go.id\app\Views\layout\sidebarAdmin.php(5): CodeIgniter\Debug\Exceptions->errorHandler(8, 'Undefined varia...', 'C:\\xampp\\htdocs...', 5, Array)
#1 C:\xampp\htdocs\ci4\cms.serangkota.go.id\vendor\codeigniter4\framework\system\View\View.php(246): include('C:\\xampp\\htdocs...')
#2 C:\xampp\htdocs\ci4\cms.serangkota.go.id\vendor\codeigniter4\framework\system\View\View.php(525): CodeIgniter\View\View->render('layout/sidebarA...', NULL, true)
#3 C:\xampp\htdocs\ci4\cms.serangkota.go.id\app\Views\layout\templateAdmin.php(57): CodeIgniter\View\View->include('layout/sidebarA...')
#4 C:\xampp\htdocs\ci4\cms.serangkota.go.id\vendor\codeigniter4\framework\system\View\View.php(246): include('C:\\xampp\\htdocs...')
#5 C:\xampp\htdocs\ci4\cms.serangkota.go.id\vendor\codeigniter4\framework\system\View\View.php(257): CodeIgniter\View\View->render('layout/template...', Array, true)
#6 C:\xampp\htdocs\ci4\cms.serangkota.go.id\vendor\codeigniter4\framework\system\Common.php(1119): CodeIgniter\View\View->render('admin/banner/cr...', Array, true)
#7 C:\xampp\htdocs\ci4\cms.serangkota.go.id\app\Controllers\Admin\BannerAdmin.php(35): view('admin/banner/cr...', Array)
#8 C:\xampp\htdocs\ci4\cms.serangkota.go.id\vendor\codeigniter4\framework\system\CodeIgniter.php(918): App\Controllers\Admin\BannerAdmin->create()
#9 C:\xampp\htdocs\ci4\cms.serangkota.go.id\vendor\codeigniter4\framework\system\CodeIgniter.php(404): CodeIgniter\CodeIgniter->runController(Object(App\Controllers\Admin\BannerAdmin))
#10 C:\xampp\htdocs\ci4\cms.serangkota.go.id\vendor\codeigniter4\framework\system\CodeIgniter.php(312): CodeIgniter\CodeIgniter->handleRequest(NULL, Object(Config\Cache), false)
#11 C:\xampp\htdocs\ci4\cms.serangkota.go.id\public\index.php(45): CodeIgniter\CodeIgniter->run()
#12 C:\xampp\htdocs\ci4\cms.serangkota.go.id\vendor\codeigniter4\framework\system\Commands\Server\rewrite.php(34): require_once('C:\\xampp\\htdocs...')
#13 {main}
CRITICAL - 2020-10-28 05:24:43 --> Undefined variable: gallery
#0 C:\xampp\htdocs\ci4\cms.serangkota.go.id\app\Views\admin\banner\index.php(33): CodeIgniter\Debug\Exceptions->errorHandler(8, 'Undefined varia...', 'C:\\xampp\\htdocs...', 33, Array)
#1 C:\xampp\htdocs\ci4\cms.serangkota.go.id\vendor\codeigniter4\framework\system\View\View.php(246): include('C:\\xampp\\htdocs...')
#2 C:\xampp\htdocs\ci4\cms.serangkota.go.id\vendor\codeigniter4\framework\system\Common.php(1119): CodeIgniter\View\View->render('admin/banner/in...', Array, true)
#3 C:\xampp\htdocs\ci4\cms.serangkota.go.id\app\Controllers\Admin\BannerAdmin.php(26): view('admin/banner/in...', Array)
#4 C:\xampp\htdocs\ci4\cms.serangkota.go.id\vendor\codeigniter4\framework\system\CodeIgniter.php(918): App\Controllers\Admin\BannerAdmin->index()
#5 C:\xampp\htdocs\ci4\cms.serangkota.go.id\vendor\codeigniter4\framework\system\CodeIgniter.php(404): CodeIgniter\CodeIgniter->runController(Object(App\Controllers\Admin\BannerAdmin))
#6 C:\xampp\htdocs\ci4\cms.serangkota.go.id\vendor\codeigniter4\framework\system\CodeIgniter.php(312): CodeIgniter\CodeIgniter->handleRequest(NULL, Object(Config\Cache), false)
#7 C:\xampp\htdocs\ci4\cms.serangkota.go.id\public\index.php(45): CodeIgniter\CodeIgniter->run()
#8 C:\xampp\htdocs\ci4\cms.serangkota.go.id\vendor\codeigniter4\framework\system\Commands\Server\rewrite.php(34): require_once('C:\\xampp\\htdocs...')
#9 {main}
CRITICAL - 2020-10-28 05:35:32 --> Undefined index: id_gallery
#0 C:\xampp\htdocs\ci4\cms.serangkota.go.id\app\Views\admin\banner\index.php(39): CodeIgniter\Debug\Exceptions->errorHandler(8, 'Undefined index...', 'C:\\xampp\\htdocs...', 39, Array)
#1 C:\xampp\htdocs\ci4\cms.serangkota.go.id\vendor\codeigniter4\framework\system\View\View.php(246): include('C:\\xampp\\htdocs...')
#2 C:\xampp\htdocs\ci4\cms.serangkota.go.id\vendor\codeigniter4\framework\system\Common.php(1119): CodeIgniter\View\View->render('admin/banner/in...', Array, true)
#3 C:\xampp\htdocs\ci4\cms.serangkota.go.id\app\Controllers\Admin\BannerAdmin.php(29): view('admin/banner/in...', Array)
#4 C:\xampp\htdocs\ci4\cms.serangkota.go.id\vendor\codeigniter4\framework\system\CodeIgniter.php(918): App\Controllers\Admin\BannerAdmin->index()
#5 C:\xampp\htdocs\ci4\cms.serangkota.go.id\vendor\codeigniter4\framework\system\CodeIgniter.php(404): CodeIgniter\CodeIgniter->runController(Object(App\Controllers\Admin\BannerAdmin))
#6 C:\xampp\htdocs\ci4\cms.serangkota.go.id\vendor\codeigniter4\framework\system\CodeIgniter.php(312): CodeIgniter\CodeIgniter->handleRequest(NULL, Object(Config\Cache), false)
#7 C:\xampp\htdocs\ci4\cms.serangkota.go.id\public\index.php(45): CodeIgniter\CodeIgniter->run()
#8 C:\xampp\htdocs\ci4\cms.serangkota.go.id\vendor\codeigniter4\framework\system\Commands\Server\rewrite.php(34): require_once('C:\\xampp\\htdocs...')
#9 {main}
CRITICAL - 2020-10-28 06:24:00 --> Undefined offset: 0
#0 C:\xampp\htdocs\ci4\cms.serangkota.go.id\vendor\codeigniter4\framework\system\Router\RouteCollection.php(1351): CodeIgniter\Debug\Exceptions->errorHandler(8, 'Undefined offse...', 'C:\\xampp\\htdocs...', 1351, Array)
#1 C:\xampp\htdocs\ci4\cms.serangkota.go.id\vendor\codeigniter4\framework\system\Router\RouteCollection.php(1220): CodeIgniter\Router\RouteCollection->fillRouteParams('admin/banner-we...', Array)
#2 C:\xampp\htdocs\ci4\cms.serangkota.go.id\vendor\codeigniter4\framework\system\Common.php(906): CodeIgniter\Router\RouteCollection->reverseRoute('update-banner')
#3 C:\xampp\htdocs\ci4\cms.serangkota.go.id\app\Views\admin\banner\index.php(43): route_to('update-banner')
#4 C:\xampp\htdocs\ci4\cms.serangkota.go.id\vendor\codeigniter4\framework\system\View\View.php(246): include('C:\\xampp\\htdocs...')
#5 C:\xampp\htdocs\ci4\cms.serangkota.go.id\vendor\codeigniter4\framework\system\Common.php(1119): CodeIgniter\View\View->render('admin/banner/in...', Array, true)
#6 C:\xampp\htdocs\ci4\cms.serangkota.go.id\app\Controllers\Admin\BannerAdmin.php(30): view('admin/banner/in...', Array)
#7 C:\xampp\htdocs\ci4\cms.serangkota.go.id\vendor\codeigniter4\framework\system\CodeIgniter.php(918): App\Controllers\Admin\BannerAdmin->index()
#8 C:\xampp\htdocs\ci4\cms.serangkota.go.id\vendor\codeigniter4\framework\system\CodeIgniter.php(404): CodeIgniter\CodeIgniter->runController(Object(App\Controllers\Admin\BannerAdmin))
#9 C:\xampp\htdocs\ci4\cms.serangkota.go.id\vendor\codeigniter4\framework\system\CodeIgniter.php(312): CodeIgniter\CodeIgniter->handleRequest(NULL, Object(Config\Cache), false)
#10 C:\xampp\htdocs\ci4\cms.serangkota.go.id\public\index.php(45): CodeIgniter\CodeIgniter->run()
#11 C:\xampp\htdocs\ci4\cms.serangkota.go.id\vendor\codeigniter4\framework\system\Commands\Server\rewrite.php(34): require_once('C:\\xampp\\htdocs...')
#12 {main}
CRITICAL - 2020-10-28 06:25:08 --> Router.invalidParameterType
#0 C:\xampp\htdocs\ci4\cms.serangkota.go.id\vendor\codeigniter4\framework\system\Router\RouteCollection.php(1357): CodeIgniter\Router\Exceptions\RouterException::forInvalidParameterType()
#1 C:\xampp\htdocs\ci4\cms.serangkota.go.id\vendor\codeigniter4\framework\system\Router\RouteCollection.php(1220): CodeIgniter\Router\RouteCollection->fillRouteParams('admin/banner-we...', Array)
#2 C:\xampp\htdocs\ci4\cms.serangkota.go.id\vendor\codeigniter4\framework\system\Common.php(906): CodeIgniter\Router\RouteCollection->reverseRoute('update-banner', NULL)
#3 C:\xampp\htdocs\ci4\cms.serangkota.go.id\app\Views\admin\banner\index.php(43): route_to('update-banner', NULL)
#4 C:\xampp\htdocs\ci4\cms.serangkota.go.id\vendor\codeigniter4\framework\system\View\View.php(246): include('C:\\xampp\\htdocs...')
#5 C:\xampp\htdocs\ci4\cms.serangkota.go.id\vendor\codeigniter4\framework\system\Common.php(1119): CodeIgniter\View\View->render('admin/banner/in...', Array, true)
#6 C:\xampp\htdocs\ci4\cms.serangkota.go.id\app\Controllers\Admin\BannerAdmin.php(30): view('admin/banner/in...', Array)
#7 C:\xampp\htdocs\ci4\cms.serangkota.go.id\vendor\codeigniter4\framework\system\CodeIgniter.php(918): App\Controllers\Admin\BannerAdmin->index()
#8 C:\xampp\htdocs\ci4\cms.serangkota.go.id\vendor\codeigniter4\framework\system\CodeIgniter.php(404): CodeIgniter\CodeIgniter->runController(Object(App\Controllers\Admin\BannerAdmin))
#9 C:\xampp\htdocs\ci4\cms.serangkota.go.id\vendor\codeigniter4\framework\system\CodeIgniter.php(312): CodeIgniter\CodeIgniter->handleRequest(NULL, Object(Config\Cache), false)
#10 C:\xampp\htdocs\ci4\cms.serangkota.go.id\public\index.php(45): CodeIgniter\CodeIgniter->run()
#11 C:\xampp\htdocs\ci4\cms.serangkota.go.id\vendor\codeigniter4\framework\system\Commands\Server\rewrite.php(34): require_once('C:\\xampp\\htdocs...')
#12 {main}
CRITICAL - 2020-10-28 09:01:04 --> Undefined property: App\Controllers\Admin\BannerAdmin::$gallery
#0 C:\xampp\htdocs\ci4\cms.serangkota.go.id\app\Controllers\Admin\BannerAdmin.php(81): CodeIgniter\Debug\Exceptions->errorHandler(8, 'Undefined prope...', 'C:\\xampp\\htdocs...', 81, Array)
#1 C:\xampp\htdocs\ci4\cms.serangkota.go.id\vendor\codeigniter4\framework\system\CodeIgniter.php(918): App\Controllers\Admin\BannerAdmin->save()
#2 C:\xampp\htdocs\ci4\cms.serangkota.go.id\vendor\codeigniter4\framework\system\CodeIgniter.php(404): CodeIgniter\CodeIgniter->runController(Object(App\Controllers\Admin\BannerAdmin))
#3 C:\xampp\htdocs\ci4\cms.serangkota.go.id\vendor\codeigniter4\framework\system\CodeIgniter.php(312): CodeIgniter\CodeIgniter->handleRequest(NULL, Object(Config\Cache), false)
#4 C:\xampp\htdocs\ci4\cms.serangkota.go.id\public\index.php(45): CodeIgniter\CodeIgniter->run()
#5 C:\xampp\htdocs\ci4\cms.serangkota.go.id\vendor\codeigniter4\framework\system\Commands\Server\rewrite.php(34): require_once('C:\\xampp\\htdocs...')
#6 {main}
CRITICAL - 2020-10-28 09:29:14 --> Unknown column 'id_gallery' in 'where clause'
#0 C:\xampp\htdocs\ci4\cms.serangkota.go.id\vendor\codeigniter4\framework\system\Database\MySQLi\Connection.php(331): mysqli->query('UPDATE `banner`...')
#1 C:\xampp\htdocs\ci4\cms.serangkota.go.id\vendor\codeigniter4\framework\system\Database\BaseConnection.php(741): CodeIgniter\Database\MySQLi\Connection->execute('UPDATE `banner`...')
#2 C:\xampp\htdocs\ci4\cms.serangkota.go.id\vendor\codeigniter4\framework\system\Database\BaseConnection.php(669): CodeIgniter\Database\BaseConnection->simpleQuery('UPDATE `banner`...')
#3 C:\xampp\htdocs\ci4\cms.serangkota.go.id\vendor\codeigniter4\framework\system\Database\BaseBuilder.php(2456): CodeIgniter\Database\BaseConnection->query('UPDATE `banner`...', Array, false)
#4 C:\xampp\htdocs\ci4\cms.serangkota.go.id\vendor\codeigniter4\framework\system\Model.php(889): CodeIgniter\Database\BaseBuilder->update()
#5 C:\xampp\htdocs\ci4\cms.serangkota.go.id\app\Models\BannerModel.php(41): CodeIgniter\Model->update()
#6 C:\xampp\htdocs\ci4\cms.serangkota.go.id\app\Controllers\Admin\BannerAdmin.php(137): App\Models\BannerModel->updateBanner('6', '1603894054_e839...', 'bbbbbbbbbbbbbbb...')
#7 C:\xampp\htdocs\ci4\cms.serangkota.go.id\vendor\codeigniter4\framework\system\CodeIgniter.php(918): App\Controllers\Admin\BannerAdmin->updatePost()
#8 C:\xampp\htdocs\ci4\cms.serangkota.go.id\vendor\codeigniter4\framework\system\CodeIgniter.php(404): CodeIgniter\CodeIgniter->runController(Object(App\Controllers\Admin\BannerAdmin))
#9 C:\xampp\htdocs\ci4\cms.serangkota.go.id\vendor\codeigniter4\framework\system\CodeIgniter.php(312): CodeIgniter\CodeIgniter->handleRequest(NULL, Object(Config\Cache), false)
#10 C:\xampp\htdocs\ci4\cms.serangkota.go.id\public\index.php(45): CodeIgniter\CodeIgniter->run()
#11 C:\xampp\htdocs\ci4\cms.serangkota.go.id\vendor\codeigniter4\framework\system\Commands\Server\rewrite.php(34): require_once('C:\\xampp\\htdocs...')
#12 {main}
CRITICAL - 2020-10-28 09:47:15 --> Undefined property: App\Controllers\Admin\BannerAdmin::$gallery
#0 C:\xampp\htdocs\ci4\cms.serangkota.go.id\app\Controllers\Admin\BannerAdmin.php(157): CodeIgniter\Debug\Exceptions->errorHandler(8, 'Undefined prope...', 'C:\\xampp\\htdocs...', 157, Array)
#1 C:\xampp\htdocs\ci4\cms.serangkota.go.id\vendor\codeigniter4\framework\system\CodeIgniter.php(918): App\Controllers\Admin\BannerAdmin->delete()
#2 C:\xampp\htdocs\ci4\cms.serangkota.go.id\vendor\codeigniter4\framework\system\CodeIgniter.php(404): CodeIgniter\CodeIgniter->runController(Object(App\Controllers\Admin\BannerAdmin))
#3 C:\xampp\htdocs\ci4\cms.serangkota.go.id\vendor\codeigniter4\framework\system\CodeIgniter.php(312): CodeIgniter\CodeIgniter->handleRequest(NULL, Object(Config\Cache), false)
#4 C:\xampp\htdocs\ci4\cms.serangkota.go.id\public\index.php(45): CodeIgniter\CodeIgniter->run()
#5 C:\xampp\htdocs\ci4\cms.serangkota.go.id\vendor\codeigniter4\framework\system\Commands\Server\rewrite.php(34): require_once('C:\\xampp\\htdocs...')
#6 {main}
CRITICAL - 2020-10-28 09:47:43 --> unlink(img/gallery/): Is a directory
#0 [internal function]: CodeIgniter\Debug\Exceptions->errorHandler(2, 'unlink(img/gall...', 'C:\\xampp\\htdocs...', 160, Array)
#1 C:\xampp\htdocs\ci4\cms.serangkota.go.id\app\Controllers\Admin\BannerAdmin.php(160): unlink('img/gallery/')
#2 C:\xampp\htdocs\ci4\cms.serangkota.go.id\vendor\codeigniter4\framework\system\CodeIgniter.php(918): App\Controllers\Admin\BannerAdmin->delete()
#3 C:\xampp\htdocs\ci4\cms.serangkota.go.id\vendor\codeigniter4\framework\system\CodeIgniter.php(404): CodeIgniter\CodeIgniter->runController(Object(App\Controllers\Admin\BannerAdmin))
#4 C:\xampp\htdocs\ci4\cms.serangkota.go.id\vendor\codeigniter4\framework\system\CodeIgniter.php(312): CodeIgniter\CodeIgniter->handleRequest(NULL, Object(Config\Cache), false)
#5 C:\xampp\htdocs\ci4\cms.serangkota.go.id\public\index.php(45): CodeIgniter\CodeIgniter->run()
#6 C:\xampp\htdocs\ci4\cms.serangkota.go.id\vendor\codeigniter4\framework\system\Commands\Server\rewrite.php(34): require_once('C:\\xampp\\htdocs...')
#7 {main}
CRITICAL - 2020-10-28 09:48:09 --> unlink(img/gallery/banner_3.jpg): No such file or directory
#0 [internal function]: CodeIgniter\Debug\Exceptions->errorHandler(2, 'unlink(img/gall...', 'C:\\xampp\\htdocs...', 160, Array)
#1 C:\xampp\htdocs\ci4\cms.serangkota.go.id\app\Controllers\Admin\BannerAdmin.php(160): unlink('img/gallery/ban...')
#2 C:\xampp\htdocs\ci4\cms.serangkota.go.id\vendor\codeigniter4\framework\system\CodeIgniter.php(918): App\Controllers\Admin\BannerAdmin->delete()
#3 C:\xampp\htdocs\ci4\cms.serangkota.go.id\vendor\codeigniter4\framework\system\CodeIgniter.php(404): CodeIgniter\CodeIgniter->runController(Object(App\Controllers\Admin\BannerAdmin))
#4 C:\xampp\htdocs\ci4\cms.serangkota.go.id\vendor\codeigniter4\framework\system\CodeIgniter.php(312): CodeIgniter\CodeIgniter->handleRequest(NULL, Object(Config\Cache), false)
#5 C:\xampp\htdocs\ci4\cms.serangkota.go.id\public\index.php(45): CodeIgniter\CodeIgniter->run()
#6 C:\xampp\htdocs\ci4\cms.serangkota.go.id\vendor\codeigniter4\framework\system\Commands\Server\rewrite.php(34): require_once('C:\\xampp\\htdocs...')
#7 {main}
CRITICAL - 2020-10-28 12:53:54 --> Call to undefined method App\Models\GalleryModel::getBanner
#0 C:\xampp\htdocs\ci4\cms.serangkota.go.id\app\Controllers\Website\Home.php(25): CodeIgniter\Model->__call('getBanner', Array)
#1 C:\xampp\htdocs\ci4\cms.serangkota.go.id\vendor\codeigniter4\framework\system\CodeIgniter.php(918): App\Controllers\Website\Home->index()
#2 C:\xampp\htdocs\ci4\cms.serangkota.go.id\vendor\codeigniter4\framework\system\CodeIgniter.php(404): CodeIgniter\CodeIgniter->runController(Object(App\Controllers\Website\Home))
#3 C:\xampp\htdocs\ci4\cms.serangkota.go.id\vendor\codeigniter4\framework\system\CodeIgniter.php(312): CodeIgniter\CodeIgniter->handleRequest(NULL, Object(Config\Cache), false)
#4 C:\xampp\htdocs\ci4\cms.serangkota.go.id\public\index.php(45): CodeIgniter\CodeIgniter->run()
#5 C:\xampp\htdocs\ci4\cms.serangkota.go.id\vendor\codeigniter4\framework\system\Commands\Server\rewrite.php(34): require_once('C:\\xampp\\htdocs...')
#6 {main}
CRITICAL - 2020-10-28 13:07:04 --> Allowed memory size of 536870912 bytes exhausted (tried to allocate 266354688 bytes)
#0 [internal function]: CodeIgniter\Debug\Exceptions->shutdownHandler()
#1 {main}
CRITICAL - 2020-10-28 13:11:20 --> Allowed memory size of 536870912 bytes exhausted (tried to allocate 266354688 bytes)
#0 [internal function]: CodeIgniter\Debug\Exceptions->shutdownHandler()
#1 {main}
CRITICAL - 2020-10-28 13:12:52 --> Allowed memory size of 536870912 bytes exhausted (tried to allocate 266354688 bytes)
#0 [internal function]: CodeIgniter\Debug\Exceptions->shutdownHandler()
#1 {main}
CRITICAL - 2020-10-28 13:13:30 --> Allowed memory size of 536870912 bytes exhausted (tried to allocate 266354688 bytes)
#0 [internal function]: CodeIgniter\Debug\Exceptions->shutdownHandler()
#1 {main}
CRITICAL - 2020-10-28 13:14:39 --> Allowed memory size of 536870912 bytes exhausted (tried to allocate 266354688 bytes)
#0 [internal function]: CodeIgniter\Debug\Exceptions->shutdownHandler()
#1 {main}
CRITICAL - 2020-10-28 13:18:05 --> Allowed memory size of 536870912 bytes exhausted (tried to allocate 266354688 bytes)
#0 [internal function]: CodeIgniter\Debug\Exceptions->shutdownHandler()
#1 {main}
CRITICAL - 2020-10-28 13:18:25 --> Allowed memory size of 536870912 bytes exhausted (tried to allocate 268451840 bytes)
#0 [internal function]: CodeIgniter\Debug\Exceptions->shutdownHandler()
#1 {main}
