CRITICAL - 2020-10-20 00:57:42 --> Undefined variable: menu
#0 C:\xampp\htdocs\ci4\cms.serangkota.go.id\app\Views\layout\sidebarAdmin.php(5): CodeIgniter\Debug\Exceptions->errorHandler(8, 'Undefined varia...', 'C:\\xampp\\htdocs...', 5, Array)
#1 C:\xampp\htdocs\ci4\cms.serangkota.go.id\vendor\codeigniter4\framework\system\View\View.php(246): include('C:\\xampp\\htdocs...')
#2 C:\xampp\htdocs\ci4\cms.serangkota.go.id\vendor\codeigniter4\framework\system\View\View.php(525): CodeIgniter\View\View->render('layout/sidebarA...', NULL, true)
#3 C:\xampp\htdocs\ci4\cms.serangkota.go.id\app\Views\layout\templateAdmin.php(57): CodeIgniter\View\View->include('layout/sidebarA...')
#4 C:\xampp\htdocs\ci4\cms.serangkota.go.id\vendor\codeigniter4\framework\system\View\View.php(246): include('C:\\xampp\\htdocs...')
#5 C:\xampp\htdocs\ci4\cms.serangkota.go.id\vendor\codeigniter4\framework\system\View\View.php(257): CodeIgniter\View\View->render('layout/template...', Array, true)
#6 C:\xampp\htdocs\ci4\cms.serangkota.go.id\vendor\codeigniter4\framework\system\Common.php(1119): CodeIgniter\View\View->render('admin/running/i...', Array, true)
#7 C:\xampp\htdocs\ci4\cms.serangkota.go.id\app\Controllers\Running.php(20): view('admin/running/i...')
#8 C:\xampp\htdocs\ci4\cms.serangkota.go.id\vendor\codeigniter4\framework\system\CodeIgniter.php(918): App\Controllers\Running->index()
#9 C:\xampp\htdocs\ci4\cms.serangkota.go.id\vendor\codeigniter4\framework\system\CodeIgniter.php(404): CodeIgniter\CodeIgniter->runController(Object(App\Controllers\Running))
#10 C:\xampp\htdocs\ci4\cms.serangkota.go.id\vendor\codeigniter4\framework\system\CodeIgniter.php(312): CodeIgniter\CodeIgniter->handleRequest(NULL, Object(Config\Cache), false)
#11 C:\xampp\htdocs\ci4\cms.serangkota.go.id\public\index.php(45): CodeIgniter\CodeIgniter->run()
#12 C:\xampp\htdocs\ci4\cms.serangkota.go.id\vendor\codeigniter4\framework\system\Commands\Server\rewrite.php(34): require_once('C:\\xampp\\htdocs...')
#13 {main}
CRITICAL - 2020-10-20 00:59:22 --> Undefined variable: menu
#0 C:\xampp\htdocs\ci4\cms.serangkota.go.id\app\Views\layout\sidebarAdmin.php(5): CodeIgniter\Debug\Exceptions->errorHandler(8, 'Undefined varia...', 'C:\\xampp\\htdocs...', 5, Array)
#1 C:\xampp\htdocs\ci4\cms.serangkota.go.id\vendor\codeigniter4\framework\system\View\View.php(246): include('C:\\xampp\\htdocs...')
#2 C:\xampp\htdocs\ci4\cms.serangkota.go.id\vendor\codeigniter4\framework\system\View\View.php(525): CodeIgniter\View\View->render('layout/sidebarA...', NULL, true)
#3 C:\xampp\htdocs\ci4\cms.serangkota.go.id\app\Views\layout\templateAdmin.php(57): CodeIgniter\View\View->include('layout/sidebarA...')
#4 C:\xampp\htdocs\ci4\cms.serangkota.go.id\vendor\codeigniter4\framework\system\View\View.php(246): include('C:\\xampp\\htdocs...')
#5 C:\xampp\htdocs\ci4\cms.serangkota.go.id\vendor\codeigniter4\framework\system\View\View.php(257): CodeIgniter\View\View->render('layout/template...', Array, true)
#6 C:\xampp\htdocs\ci4\cms.serangkota.go.id\vendor\codeigniter4\framework\system\Common.php(1119): CodeIgniter\View\View->render('admin/running/i...', Array, true)
#7 C:\xampp\htdocs\ci4\cms.serangkota.go.id\app\Controllers\Running.php(26): view('admin/running/i...')
#8 C:\xampp\htdocs\ci4\cms.serangkota.go.id\vendor\codeigniter4\framework\system\CodeIgniter.php(918): App\Controllers\Running->index()
#9 C:\xampp\htdocs\ci4\cms.serangkota.go.id\vendor\codeigniter4\framework\system\CodeIgniter.php(404): CodeIgniter\CodeIgniter->runController(Object(App\Controllers\Running))
#10 C:\xampp\htdocs\ci4\cms.serangkota.go.id\vendor\codeigniter4\framework\system\CodeIgniter.php(312): CodeIgniter\CodeIgniter->handleRequest(NULL, Object(Config\Cache), false)
#11 C:\xampp\htdocs\ci4\cms.serangkota.go.id\public\index.php(45): CodeIgniter\CodeIgniter->run()
#12 C:\xampp\htdocs\ci4\cms.serangkota.go.id\vendor\codeigniter4\framework\system\Commands\Server\rewrite.php(34): require_once('C:\\xampp\\htdocs...')
#13 {main}
CRITICAL - 2020-10-20 01:49:23 --> Invalid file: admin/gallery/create.php
#0 C:\xampp\htdocs\ci4\cms.serangkota.go.id\vendor\codeigniter4\framework\system\View\View.php(228): CodeIgniter\Exceptions\FrameworkException::forInvalidFile('admin/gallery/c...')
#1 C:\xampp\htdocs\ci4\cms.serangkota.go.id\vendor\codeigniter4\framework\system\Common.php(1119): CodeIgniter\View\View->render('admin/gallery/c...', Array, true)
#2 C:\xampp\htdocs\ci4\cms.serangkota.go.id\app\Controllers\Gallery.php(40): view('admin/gallery/c...', Array)
#3 C:\xampp\htdocs\ci4\cms.serangkota.go.id\vendor\codeigniter4\framework\system\CodeIgniter.php(918): App\Controllers\Gallery->create()
#4 C:\xampp\htdocs\ci4\cms.serangkota.go.id\vendor\codeigniter4\framework\system\CodeIgniter.php(404): CodeIgniter\CodeIgniter->runController(Object(App\Controllers\Gallery))
#5 C:\xampp\htdocs\ci4\cms.serangkota.go.id\vendor\codeigniter4\framework\system\CodeIgniter.php(312): CodeIgniter\CodeIgniter->handleRequest(NULL, Object(Config\Cache), false)
#6 C:\xampp\htdocs\ci4\cms.serangkota.go.id\public\index.php(45): CodeIgniter\CodeIgniter->run()
#7 C:\xampp\htdocs\ci4\cms.serangkota.go.id\vendor\codeigniter4\framework\system\Commands\Server\rewrite.php(34): require_once('C:\\xampp\\htdocs...')
#8 {main}
CRITICAL - 2020-10-20 03:00:21 --> Undefined variable: validation
#0 C:\xampp\htdocs\ci4\cms.serangkota.go.id\app\Views\admin\running\index.php(17): CodeIgniter\Debug\Exceptions->errorHandler(8, 'Undefined varia...', 'C:\\xampp\\htdocs...', 17, Array)
#1 C:\xampp\htdocs\ci4\cms.serangkota.go.id\vendor\codeigniter4\framework\system\View\View.php(246): include('C:\\xampp\\htdocs...')
#2 C:\xampp\htdocs\ci4\cms.serangkota.go.id\vendor\codeigniter4\framework\system\Common.php(1119): CodeIgniter\View\View->render('admin/running/i...', Array, true)
#3 C:\xampp\htdocs\ci4\cms.serangkota.go.id\app\Controllers\Running.php(26): view('admin/running/i...', Array)
#4 C:\xampp\htdocs\ci4\cms.serangkota.go.id\vendor\codeigniter4\framework\system\CodeIgniter.php(918): App\Controllers\Running->index()
#5 C:\xampp\htdocs\ci4\cms.serangkota.go.id\vendor\codeigniter4\framework\system\CodeIgniter.php(404): CodeIgniter\CodeIgniter->runController(Object(App\Controllers\Running))
#6 C:\xampp\htdocs\ci4\cms.serangkota.go.id\vendor\codeigniter4\framework\system\CodeIgniter.php(312): CodeIgniter\CodeIgniter->handleRequest(NULL, Object(Config\Cache), false)
#7 C:\xampp\htdocs\ci4\cms.serangkota.go.id\public\index.php(45): CodeIgniter\CodeIgniter->run()
#8 C:\xampp\htdocs\ci4\cms.serangkota.go.id\vendor\codeigniter4\framework\system\Commands\Server\rewrite.php(34): require_once('C:\\xampp\\htdocs...')
#9 {main}
CRITICAL - 2020-10-20 21:53:17 --> Call to undefined function App\Controllers\isEmpty()
#0 C:\xampp\htdocs\ci4\cms.serangkota.go.id\vendor\codeigniter4\framework\system\CodeIgniter.php(918): App\Controllers\Gallery->delete()
#1 C:\xampp\htdocs\ci4\cms.serangkota.go.id\vendor\codeigniter4\framework\system\CodeIgniter.php(404): CodeIgniter\CodeIgniter->runController(Object(App\Controllers\Gallery))
#2 C:\xampp\htdocs\ci4\cms.serangkota.go.id\vendor\codeigniter4\framework\system\CodeIgniter.php(312): CodeIgniter\CodeIgniter->handleRequest(NULL, Object(Config\Cache), false)
#3 C:\xampp\htdocs\ci4\cms.serangkota.go.id\public\index.php(45): CodeIgniter\CodeIgniter->run()
#4 C:\xampp\htdocs\ci4\cms.serangkota.go.id\vendor\codeigniter4\framework\system\Commands\Server\rewrite.php(34): require_once('C:\\xampp\\htdocs...')
#5 {main}
CRITICAL - 2020-10-20 22:23:34 --> syntax error, unexpected ')', expecting variable (T_VARIABLE) or '{' or '$'
#0 C:\xampp\htdocs\ci4\cms.serangkota.go.id\vendor\codeigniter4\framework\system\Autoloader\Autoloader.php(296): CodeIgniter\Autoloader\Autoloader->requireFile('C:\\xampp\\htdocs...')
#1 C:\xampp\htdocs\ci4\cms.serangkota.go.id\vendor\codeigniter4\framework\system\Autoloader\Autoloader.php(258): CodeIgniter\Autoloader\Autoloader->loadInNamespace('App\\Controllers...')
#2 [internal function]: CodeIgniter\Autoloader\Autoloader->loadClass('App\\Controllers...')
#3 [internal function]: spl_autoload_call('App\\Controllers...')
#4 C:\xampp\htdocs\ci4\cms.serangkota.go.id\vendor\codeigniter4\framework\system\CodeIgniter.php(869): class_exists('\\App\\Controller...', true)
#5 C:\xampp\htdocs\ci4\cms.serangkota.go.id\vendor\codeigniter4\framework\system\CodeIgniter.php(394): CodeIgniter\CodeIgniter->startController()
#6 C:\xampp\htdocs\ci4\cms.serangkota.go.id\vendor\codeigniter4\framework\system\CodeIgniter.php(312): CodeIgniter\CodeIgniter->handleRequest(NULL, Object(Config\Cache), false)
#7 C:\xampp\htdocs\ci4\cms.serangkota.go.id\public\index.php(45): CodeIgniter\CodeIgniter->run()
#8 C:\xampp\htdocs\ci4\cms.serangkota.go.id\vendor\codeigniter4\framework\system\Commands\Server\rewrite.php(34): require_once('C:\\xampp\\htdocs...')
#9 {main}
CRITICAL - 2020-10-20 22:48:08 --> Unknown column 'id' in 'where clause'
#0 C:\xampp\htdocs\ci4\cms.serangkota.go.id\vendor\codeigniter4\framework\system\Database\MySQLi\Connection.php(331): mysqli->query('SELECT *\nFROM `...')
#1 C:\xampp\htdocs\ci4\cms.serangkota.go.id\vendor\codeigniter4\framework\system\Database\BaseConnection.php(741): CodeIgniter\Database\MySQLi\Connection->execute('SELECT *\nFROM `...')
#2 C:\xampp\htdocs\ci4\cms.serangkota.go.id\vendor\codeigniter4\framework\system\Database\BaseConnection.php(669): CodeIgniter\Database\BaseConnection->simpleQuery('SELECT *\nFROM `...')
#3 C:\xampp\htdocs\ci4\cms.serangkota.go.id\vendor\codeigniter4\framework\system\Database\BaseBuilder.php(1860): CodeIgniter\Database\BaseConnection->query('SELECT *\nFROM `...', Array, false)
#4 C:\xampp\htdocs\ci4\cms.serangkota.go.id\vendor\codeigniter4\framework\system\Model.php(404): CodeIgniter\Database\BaseBuilder->get()
#5 C:\xampp\htdocs\ci4\cms.serangkota.go.id\app\Models\GalleryModel.php(42): CodeIgniter\Model->find()
#6 C:\xampp\htdocs\ci4\cms.serangkota.go.id\app\Controllers\Gallery.php(98): App\Models\GalleryModel->getGallerybyId(NULL)
#7 C:\xampp\htdocs\ci4\cms.serangkota.go.id\vendor\codeigniter4\framework\system\CodeIgniter.php(918): App\Controllers\Gallery->update()
#8 C:\xampp\htdocs\ci4\cms.serangkota.go.id\vendor\codeigniter4\framework\system\CodeIgniter.php(404): CodeIgniter\CodeIgniter->runController(Object(App\Controllers\Gallery))
#9 C:\xampp\htdocs\ci4\cms.serangkota.go.id\vendor\codeigniter4\framework\system\CodeIgniter.php(312): CodeIgniter\CodeIgniter->handleRequest(NULL, Object(Config\Cache), false)
#10 C:\xampp\htdocs\ci4\cms.serangkota.go.id\public\index.php(45): CodeIgniter\CodeIgniter->run()
#11 C:\xampp\htdocs\ci4\cms.serangkota.go.id\vendor\codeigniter4\framework\system\Commands\Server\rewrite.php(34): require_once('C:\\xampp\\htdocs...')
#12 {main}
CRITICAL - 2020-10-20 22:52:36 --> Unknown column 'id' in 'where clause'
#0 C:\xampp\htdocs\ci4\cms.serangkota.go.id\vendor\codeigniter4\framework\system\Database\MySQLi\Connection.php(331): mysqli->query('SELECT *\nFROM `...')
#1 C:\xampp\htdocs\ci4\cms.serangkota.go.id\vendor\codeigniter4\framework\system\Database\BaseConnection.php(741): CodeIgniter\Database\MySQLi\Connection->execute('SELECT *\nFROM `...')
#2 C:\xampp\htdocs\ci4\cms.serangkota.go.id\vendor\codeigniter4\framework\system\Database\BaseConnection.php(669): CodeIgniter\Database\BaseConnection->simpleQuery('SELECT *\nFROM `...')
#3 C:\xampp\htdocs\ci4\cms.serangkota.go.id\vendor\codeigniter4\framework\system\Database\BaseBuilder.php(1860): CodeIgniter\Database\BaseConnection->query('SELECT *\nFROM `...', Array, false)
#4 C:\xampp\htdocs\ci4\cms.serangkota.go.id\vendor\codeigniter4\framework\system\Model.php(404): CodeIgniter\Database\BaseBuilder->get()
#5 C:\xampp\htdocs\ci4\cms.serangkota.go.id\app\Models\GalleryModel.php(42): CodeIgniter\Model->find()
#6 C:\xampp\htdocs\ci4\cms.serangkota.go.id\app\Controllers\Gallery.php(96): App\Models\GalleryModel->getGallerybyId('11')
#7 C:\xampp\htdocs\ci4\cms.serangkota.go.id\vendor\codeigniter4\framework\system\CodeIgniter.php(918): App\Controllers\Gallery->update('11')
#8 C:\xampp\htdocs\ci4\cms.serangkota.go.id\vendor\codeigniter4\framework\system\CodeIgniter.php(404): CodeIgniter\CodeIgniter->runController(Object(App\Controllers\Gallery))
#9 C:\xampp\htdocs\ci4\cms.serangkota.go.id\vendor\codeigniter4\framework\system\CodeIgniter.php(312): CodeIgniter\CodeIgniter->handleRequest(NULL, Object(Config\Cache), false)
#10 C:\xampp\htdocs\ci4\cms.serangkota.go.id\public\index.php(45): CodeIgniter\CodeIgniter->run()
#11 C:\xampp\htdocs\ci4\cms.serangkota.go.id\vendor\codeigniter4\framework\system\Commands\Server\rewrite.php(34): require_once('C:\\xampp\\htdocs...')
#12 {main}
CRITICAL - 2020-10-20 23:19:48 --> Unknown column 'album.id_gallery' in 'where clause'
#0 C:\xampp\htdocs\ci4\cms.serangkota.go.id\vendor\codeigniter4\framework\system\Database\MySQLi\Connection.php(331): mysqli->query('SELECT *\nFROM `...')
#1 C:\xampp\htdocs\ci4\cms.serangkota.go.id\vendor\codeigniter4\framework\system\Database\BaseConnection.php(741): CodeIgniter\Database\MySQLi\Connection->execute('SELECT *\nFROM `...')
#2 C:\xampp\htdocs\ci4\cms.serangkota.go.id\vendor\codeigniter4\framework\system\Database\BaseConnection.php(669): CodeIgniter\Database\BaseConnection->simpleQuery('SELECT *\nFROM `...')
#3 C:\xampp\htdocs\ci4\cms.serangkota.go.id\vendor\codeigniter4\framework\system\Database\BaseBuilder.php(1860): CodeIgniter\Database\BaseConnection->query('SELECT *\nFROM `...', Array, false)
#4 C:\xampp\htdocs\ci4\cms.serangkota.go.id\vendor\codeigniter4\framework\system\Model.php(398): CodeIgniter\Database\BaseBuilder->get()
#5 C:\xampp\htdocs\ci4\cms.serangkota.go.id\app\Models\GalleryModel.php(43): CodeIgniter\Model->find('11')
#6 C:\xampp\htdocs\ci4\cms.serangkota.go.id\app\Controllers\Gallery.php(97): App\Models\GalleryModel->getGallerybyId('11')
#7 C:\xampp\htdocs\ci4\cms.serangkota.go.id\vendor\codeigniter4\framework\system\CodeIgniter.php(918): App\Controllers\Gallery->update('11')
#8 C:\xampp\htdocs\ci4\cms.serangkota.go.id\vendor\codeigniter4\framework\system\CodeIgniter.php(404): CodeIgniter\CodeIgniter->runController(Object(App\Controllers\Gallery))
#9 C:\xampp\htdocs\ci4\cms.serangkota.go.id\vendor\codeigniter4\framework\system\CodeIgniter.php(312): CodeIgniter\CodeIgniter->handleRequest(NULL, Object(Config\Cache), false)
#10 C:\xampp\htdocs\ci4\cms.serangkota.go.id\public\index.php(45): CodeIgniter\CodeIgniter->run()
#11 C:\xampp\htdocs\ci4\cms.serangkota.go.id\vendor\codeigniter4\framework\system\Commands\Server\rewrite.php(34): require_once('C:\\xampp\\htdocs...')
#12 {main}
CRITICAL - 2020-10-20 23:21:14 --> Unknown column 'album.id_gallery' in 'where clause'
#0 C:\xampp\htdocs\ci4\cms.serangkota.go.id\vendor\codeigniter4\framework\system\Database\MySQLi\Connection.php(331): mysqli->query('SELECT *\nFROM `...')
#1 C:\xampp\htdocs\ci4\cms.serangkota.go.id\vendor\codeigniter4\framework\system\Database\BaseConnection.php(741): CodeIgniter\Database\MySQLi\Connection->execute('SELECT *\nFROM `...')
#2 C:\xampp\htdocs\ci4\cms.serangkota.go.id\vendor\codeigniter4\framework\system\Database\BaseConnection.php(669): CodeIgniter\Database\BaseConnection->simpleQuery('SELECT *\nFROM `...')
#3 C:\xampp\htdocs\ci4\cms.serangkota.go.id\vendor\codeigniter4\framework\system\Database\BaseBuilder.php(1860): CodeIgniter\Database\BaseConnection->query('SELECT *\nFROM `...', Array, false)
#4 C:\xampp\htdocs\ci4\cms.serangkota.go.id\vendor\codeigniter4\framework\system\Model.php(398): CodeIgniter\Database\BaseBuilder->get()
#5 C:\xampp\htdocs\ci4\cms.serangkota.go.id\app\Models\GalleryModel.php(43): CodeIgniter\Model->find('11')
#6 C:\xampp\htdocs\ci4\cms.serangkota.go.id\app\Controllers\Gallery.php(97): App\Models\GalleryModel->getGallerybyId('11')
#7 C:\xampp\htdocs\ci4\cms.serangkota.go.id\vendor\codeigniter4\framework\system\CodeIgniter.php(918): App\Controllers\Gallery->update('11')
#8 C:\xampp\htdocs\ci4\cms.serangkota.go.id\vendor\codeigniter4\framework\system\CodeIgniter.php(404): CodeIgniter\CodeIgniter->runController(Object(App\Controllers\Gallery))
#9 C:\xampp\htdocs\ci4\cms.serangkota.go.id\vendor\codeigniter4\framework\system\CodeIgniter.php(312): CodeIgniter\CodeIgniter->handleRequest(NULL, Object(Config\Cache), false)
#10 C:\xampp\htdocs\ci4\cms.serangkota.go.id\public\index.php(45): CodeIgniter\CodeIgniter->run()
#11 C:\xampp\htdocs\ci4\cms.serangkota.go.id\vendor\codeigniter4\framework\system\Commands\Server\rewrite.php(34): require_once('C:\\xampp\\htdocs...')
#12 {main}
CRITICAL - 2020-10-20 23:21:19 --> Unknown column 'album.id_gallery' in 'where clause'
#0 C:\xampp\htdocs\ci4\cms.serangkota.go.id\vendor\codeigniter4\framework\system\Database\MySQLi\Connection.php(331): mysqli->query('SELECT *\nFROM `...')
#1 C:\xampp\htdocs\ci4\cms.serangkota.go.id\vendor\codeigniter4\framework\system\Database\BaseConnection.php(741): CodeIgniter\Database\MySQLi\Connection->execute('SELECT *\nFROM `...')
#2 C:\xampp\htdocs\ci4\cms.serangkota.go.id\vendor\codeigniter4\framework\system\Database\BaseConnection.php(669): CodeIgniter\Database\BaseConnection->simpleQuery('SELECT *\nFROM `...')
#3 C:\xampp\htdocs\ci4\cms.serangkota.go.id\vendor\codeigniter4\framework\system\Database\BaseBuilder.php(1860): CodeIgniter\Database\BaseConnection->query('SELECT *\nFROM `...', Array, false)
#4 C:\xampp\htdocs\ci4\cms.serangkota.go.id\vendor\codeigniter4\framework\system\Model.php(398): CodeIgniter\Database\BaseBuilder->get()
#5 C:\xampp\htdocs\ci4\cms.serangkota.go.id\app\Models\GalleryModel.php(43): CodeIgniter\Model->find('11')
#6 C:\xampp\htdocs\ci4\cms.serangkota.go.id\app\Controllers\Gallery.php(97): App\Models\GalleryModel->getGallerybyId('11')
#7 C:\xampp\htdocs\ci4\cms.serangkota.go.id\vendor\codeigniter4\framework\system\CodeIgniter.php(918): App\Controllers\Gallery->update('11')
#8 C:\xampp\htdocs\ci4\cms.serangkota.go.id\vendor\codeigniter4\framework\system\CodeIgniter.php(404): CodeIgniter\CodeIgniter->runController(Object(App\Controllers\Gallery))
#9 C:\xampp\htdocs\ci4\cms.serangkota.go.id\vendor\codeigniter4\framework\system\CodeIgniter.php(312): CodeIgniter\CodeIgniter->handleRequest(NULL, Object(Config\Cache), false)
#10 C:\xampp\htdocs\ci4\cms.serangkota.go.id\public\index.php(45): CodeIgniter\CodeIgniter->run()
#11 C:\xampp\htdocs\ci4\cms.serangkota.go.id\vendor\codeigniter4\framework\system\Commands\Server\rewrite.php(34): require_once('C:\\xampp\\htdocs...')
#12 {main}
CRITICAL - 2020-10-20 23:21:57 --> Unknown column 'album.id_gallery' in 'where clause'
#0 C:\xampp\htdocs\ci4\cms.serangkota.go.id\vendor\codeigniter4\framework\system\Database\MySQLi\Connection.php(331): mysqli->query('SELECT *\nFROM `...')
#1 C:\xampp\htdocs\ci4\cms.serangkota.go.id\vendor\codeigniter4\framework\system\Database\BaseConnection.php(741): CodeIgniter\Database\MySQLi\Connection->execute('SELECT *\nFROM `...')
#2 C:\xampp\htdocs\ci4\cms.serangkota.go.id\vendor\codeigniter4\framework\system\Database\BaseConnection.php(669): CodeIgniter\Database\BaseConnection->simpleQuery('SELECT *\nFROM `...')
#3 C:\xampp\htdocs\ci4\cms.serangkota.go.id\vendor\codeigniter4\framework\system\Database\BaseBuilder.php(1860): CodeIgniter\Database\BaseConnection->query('SELECT *\nFROM `...', Array, false)
#4 C:\xampp\htdocs\ci4\cms.serangkota.go.id\vendor\codeigniter4\framework\system\Model.php(398): CodeIgniter\Database\BaseBuilder->get()
#5 C:\xampp\htdocs\ci4\cms.serangkota.go.id\app\Models\GalleryModel.php(43): CodeIgniter\Model->find('11')
#6 C:\xampp\htdocs\ci4\cms.serangkota.go.id\app\Controllers\Gallery.php(97): App\Models\GalleryModel->getGallerybyId('11')
#7 C:\xampp\htdocs\ci4\cms.serangkota.go.id\vendor\codeigniter4\framework\system\CodeIgniter.php(918): App\Controllers\Gallery->update('11')
#8 C:\xampp\htdocs\ci4\cms.serangkota.go.id\vendor\codeigniter4\framework\system\CodeIgniter.php(404): CodeIgniter\CodeIgniter->runController(Object(App\Controllers\Gallery))
#9 C:\xampp\htdocs\ci4\cms.serangkota.go.id\vendor\codeigniter4\framework\system\CodeIgniter.php(312): CodeIgniter\CodeIgniter->handleRequest(NULL, Object(Config\Cache), false)
#10 C:\xampp\htdocs\ci4\cms.serangkota.go.id\public\index.php(45): CodeIgniter\CodeIgniter->run()
#11 C:\xampp\htdocs\ci4\cms.serangkota.go.id\vendor\codeigniter4\framework\system\Commands\Server\rewrite.php(34): require_once('C:\\xampp\\htdocs...')
#12 {main}
CRITICAL - 2020-10-20 23:28:44 --> Undefined variable: validation
#0 C:\xampp\htdocs\ci4\cms.serangkota.go.id\app\Views\admin\gallery\update.php(36): CodeIgniter\Debug\Exceptions->errorHandler(8, 'Undefined varia...', 'C:\\xampp\\htdocs...', 36, Array)
#1 C:\xampp\htdocs\ci4\cms.serangkota.go.id\vendor\codeigniter4\framework\system\View\View.php(246): include('C:\\xampp\\htdocs...')
#2 C:\xampp\htdocs\ci4\cms.serangkota.go.id\vendor\codeigniter4\framework\system\Common.php(1119): CodeIgniter\View\View->render('admin/gallery/u...', Array, true)
#3 C:\xampp\htdocs\ci4\cms.serangkota.go.id\app\Controllers\Gallery.php(100): view('admin/gallery/u...', Array)
#4 C:\xampp\htdocs\ci4\cms.serangkota.go.id\vendor\codeigniter4\framework\system\CodeIgniter.php(918): App\Controllers\Gallery->update('11')
#5 C:\xampp\htdocs\ci4\cms.serangkota.go.id\vendor\codeigniter4\framework\system\CodeIgniter.php(404): CodeIgniter\CodeIgniter->runController(Object(App\Controllers\Gallery))
#6 C:\xampp\htdocs\ci4\cms.serangkota.go.id\vendor\codeigniter4\framework\system\CodeIgniter.php(312): CodeIgniter\CodeIgniter->handleRequest(NULL, Object(Config\Cache), false)
#7 C:\xampp\htdocs\ci4\cms.serangkota.go.id\public\index.php(45): CodeIgniter\CodeIgniter->run()
#8 C:\xampp\htdocs\ci4\cms.serangkota.go.id\vendor\codeigniter4\framework\system\Commands\Server\rewrite.php(34): require_once('C:\\xampp\\htdocs...')
#9 {main}
CRITICAL - 2020-10-20 23:29:12 --> Undefined variable: menu
#0 C:\xampp\htdocs\ci4\cms.serangkota.go.id\app\Views\layout\sidebarAdmin.php(5): CodeIgniter\Debug\Exceptions->errorHandler(8, 'Undefined varia...', 'C:\\xampp\\htdocs...', 5, Array)
#1 C:\xampp\htdocs\ci4\cms.serangkota.go.id\vendor\codeigniter4\framework\system\View\View.php(246): include('C:\\xampp\\htdocs...')
#2 C:\xampp\htdocs\ci4\cms.serangkota.go.id\vendor\codeigniter4\framework\system\View\View.php(525): CodeIgniter\View\View->render('layout/sidebarA...', NULL, true)
#3 C:\xampp\htdocs\ci4\cms.serangkota.go.id\app\Views\layout\templateAdmin.php(57): CodeIgniter\View\View->include('layout/sidebarA...')
#4 C:\xampp\htdocs\ci4\cms.serangkota.go.id\vendor\codeigniter4\framework\system\View\View.php(246): include('C:\\xampp\\htdocs...')
#5 C:\xampp\htdocs\ci4\cms.serangkota.go.id\vendor\codeigniter4\framework\system\View\View.php(257): CodeIgniter\View\View->render('layout/template...', Array, true)
#6 C:\xampp\htdocs\ci4\cms.serangkota.go.id\vendor\codeigniter4\framework\system\Common.php(1119): CodeIgniter\View\View->render('admin/gallery/u...', Array, true)
#7 C:\xampp\htdocs\ci4\cms.serangkota.go.id\app\Controllers\Gallery.php(101): view('admin/gallery/u...', Array)
#8 C:\xampp\htdocs\ci4\cms.serangkota.go.id\vendor\codeigniter4\framework\system\CodeIgniter.php(918): App\Controllers\Gallery->update('11')
#9 C:\xampp\htdocs\ci4\cms.serangkota.go.id\vendor\codeigniter4\framework\system\CodeIgniter.php(404): CodeIgniter\CodeIgniter->runController(Object(App\Controllers\Gallery))
#10 C:\xampp\htdocs\ci4\cms.serangkota.go.id\vendor\codeigniter4\framework\system\CodeIgniter.php(312): CodeIgniter\CodeIgniter->handleRequest(NULL, Object(Config\Cache), false)
#11 C:\xampp\htdocs\ci4\cms.serangkota.go.id\public\index.php(45): CodeIgniter\CodeIgniter->run()
#12 C:\xampp\htdocs\ci4\cms.serangkota.go.id\vendor\codeigniter4\framework\system\Commands\Server\rewrite.php(34): require_once('C:\\xampp\\htdocs...')
#13 {main}
