CRITICAL - 2020-10-19 02:54:18 --> syntax error, unexpected ']'
#0 C:\xampp\htdocs\ci4\cms.serangkota.go.id\vendor\codeigniter4\framework\system\Autoloader\Autoloader.php(296): CodeIgniter\Autoloader\Autoloader->requireFile('C:\\xampp\\htdocs...')
#1 C:\xampp\htdocs\ci4\cms.serangkota.go.id\vendor\codeigniter4\framework\system\Autoloader\Autoloader.php(258): CodeIgniter\Autoloader\Autoloader->loadInNamespace('App\\Controllers...')
#2 [internal function]: CodeIgniter\Autoloader\Autoloader->loadClass('App\\Controllers...')
#3 [internal function]: spl_autoload_call('App\\Controllers...')
#4 C:\xampp\htdocs\ci4\cms.serangkota.go.id\vendor\codeigniter4\framework\system\CodeIgniter.php(869): class_exists('\\App\\Controller...', true)
#5 C:\xampp\htdocs\ci4\cms.serangkota.go.id\vendor\codeigniter4\framework\system\CodeIgniter.php(394): CodeIgniter\CodeIgniter->startController()
#6 C:\xampp\htdocs\ci4\cms.serangkota.go.id\vendor\codeigniter4\framework\system\CodeIgniter.php(312): CodeIgniter\CodeIgniter->handleRequest(NULL, Object(Config\Cache), false)
#7 C:\xampp\htdocs\ci4\cms.serangkota.go.id\public\index.php(45): CodeIgniter\CodeIgniter->run()
#8 C:\xampp\htdocs\ci4\cms.serangkota.go.id\vendor\codeigniter4\framework\system\Commands\Server\rewrite.php(34): require_once('C:\\xampp\\htdocs...')
#9 {main}
CRITICAL - 2020-10-19 03:00:30 --> Undefined property: App\Controllers\Gallery::$komikmodel
#0 C:\xampp\htdocs\ci4\cms.serangkota.go.id\app\Controllers\Gallery.php(75): CodeIgniter\Debug\Exceptions->errorHandler(8, 'Undefined prope...', 'C:\\xampp\\htdocs...', 75, Array)
#1 C:\xampp\htdocs\ci4\cms.serangkota.go.id\vendor\codeigniter4\framework\system\CodeIgniter.php(918): App\Controllers\Gallery->save()
#2 C:\xampp\htdocs\ci4\cms.serangkota.go.id\vendor\codeigniter4\framework\system\CodeIgniter.php(404): CodeIgniter\CodeIgniter->runController(Object(App\Controllers\Gallery))
#3 C:\xampp\htdocs\ci4\cms.serangkota.go.id\vendor\codeigniter4\framework\system\CodeIgniter.php(312): CodeIgniter\CodeIgniter->handleRequest(NULL, Object(Config\Cache), false)
#4 C:\xampp\htdocs\ci4\cms.serangkota.go.id\public\index.php(45): CodeIgniter\CodeIgniter->run()
#5 C:\xampp\htdocs\ci4\cms.serangkota.go.id\vendor\codeigniter4\framework\system\Commands\Server\rewrite.php(34): require_once('C:\\xampp\\htdocs...')
#6 {main}
CRITICAL - 2020-10-19 22:43:46 --> You must use the "set" method to update an entry.
#0 C:\xampp\htdocs\ci4\cms.serangkota.go.id\vendor\codeigniter4\framework\system\Database\BaseBuilder.php(2234): CodeIgniter\Database\BaseBuilder->validateInsert()
#1 C:\xampp\htdocs\ci4\cms.serangkota.go.id\vendor\codeigniter4\framework\system\Model.php(755): CodeIgniter\Database\BaseBuilder->insert()
#2 C:\xampp\htdocs\ci4\cms.serangkota.go.id\vendor\codeigniter4\framework\system\Model.php(574): CodeIgniter\Model->insert(Array, false)
#3 C:\xampp\htdocs\ci4\cms.serangkota.go.id\app\Models\GaleriModel.php(36): CodeIgniter\Model->save(Array)
#4 C:\xampp\htdocs\ci4\cms.serangkota.go.id\app\Controllers\Gallery.php(80): App\Models\GaleriModel->saveGallery('bbbbbbbbbbbbbbb...', '1', '1603165425_631b...')
#5 C:\xampp\htdocs\ci4\cms.serangkota.go.id\vendor\codeigniter4\framework\system\CodeIgniter.php(918): App\Controllers\Gallery->save()
#6 C:\xampp\htdocs\ci4\cms.serangkota.go.id\vendor\codeigniter4\framework\system\CodeIgniter.php(404): CodeIgniter\CodeIgniter->runController(Object(App\Controllers\Gallery))
#7 C:\xampp\htdocs\ci4\cms.serangkota.go.id\vendor\codeigniter4\framework\system\CodeIgniter.php(312): CodeIgniter\CodeIgniter->handleRequest(NULL, Object(Config\Cache), false)
#8 C:\xampp\htdocs\ci4\cms.serangkota.go.id\public\index.php(45): CodeIgniter\CodeIgniter->run()
#9 C:\xampp\htdocs\ci4\cms.serangkota.go.id\vendor\codeigniter4\framework\system\Commands\Server\rewrite.php(34): require_once('C:\\xampp\\htdocs...')
#10 {main}
